{"/app/app.js": {"path":"/app/app.js","statementMap":{"0":{"start":{"line":1,"column":16},"end":{"line":1,"column":34}},"1":{"start":{"line":2,"column":21},"end":{"line":2,"column":45}},"2":{"start":{"line":3,"column":15},"end":{"line":3,"column":32}},"3":{"start":{"line":4,"column":19},"end":{"line":4,"column":38}},"4":{"start":{"line":5,"column":13},"end":{"line":5,"column":28}},"5":{"start":{"line":6,"column":13},"end":{"line":6,"column":41}},"6":{"start":{"line":7,"column":19},"end":{"line":7,"column":48}},"7":{"start":{"line":10,"column":12},"end":{"line":10,"column":21}},"8":{"start":{"line":12,"column":0},"end":{"line":12,"column":23}},"9":{"start":{"line":14,"column":0},"end":{"line":14,"column":16}},"10":{"start":{"line":15,"column":0},"end":{"line":15,"column":24}},"11":{"start":{"line":16,"column":0},"end":{"line":16,"column":48}},"12":{"start":{"line":17,"column":0},"end":{"line":17,"column":24}},"13":{"start":{"line":18,"column":0},"end":{"line":20,"column":4}},"14":{"start":{"line":21,"column":0},"end":{"line":21,"column":49}},"15":{"start":{"line":22,"column":0},"end":{"line":22,"column":46}},"16":{"start":{"line":26,"column":14},"end":{"line":26,"column":53}},"17":{"start":{"line":27,"column":18},"end":{"line":27,"column":65}},"18":{"start":{"line":28,"column":0},"end":{"line":28,"column":24}},"19":{"start":{"line":29,"column":0},"end":{"line":29,"column":33}},"20":{"start":{"line":30,"column":0},"end":{"line":30,"column":13}},"21":{"start":{"line":32,"column":0},"end":{"line":32,"column":28}},"22":{"start":{"line":34,"column":0},"end":{"line":34,"column":21}}},"fnMap":{},"branchMap":{"0":{"loc":{"start":{"line":21,"column":18},"end":{"line":21,"column":48}},"type":"binary-expr","locations":[{"start":{"line":21,"column":18},"end":{"line":21,"column":36}},{"start":{"line":21,"column":40},"end":{"line":21,"column":48}}],"line":21}},"s":{"0":1,"1":1,"2":1,"3":1,"4":1,"5":1,"6":1,"7":1,"8":1,"9":1,"10":1,"11":1,"12":1,"13":1,"14":1,"15":1,"16":1,"17":1,"18":1,"19":1,"20":1,"21":1,"22":1},"f":{},"b":{"0":[1,1]},"_coverageSchema":"1a1c01bbd47fc00a2c39e90264f33305004495a9","hash":"5615694b0d340158b341a484b0e23b0d8b63abf5"}
,"/app/models.js": {"path":"/app/models.js","statementMap":{"0":{"start":{"line":3,"column":11},"end":{"line":3,"column":24}},"1":{"start":{"line":4,"column":13},"end":{"line":4,"column":28}},"2":{"start":{"line":5,"column":18},"end":{"line":5,"column":38}},"3":{"start":{"line":6,"column":13},"end":{"line":6,"column":50}},"4":{"start":{"line":7,"column":15},"end":{"line":7,"column":46}},"5":{"start":{"line":8,"column":11},"end":{"line":8,"column":13}},"6":{"start":{"line":10,"column":16},"end":{"line":10,"column":20}},"7":{"start":{"line":12,"column":0},"end":{"line":21,"column":1}},"8":{"start":{"line":13,"column":2},"end":{"line":13,"column":66}},"9":{"start":{"line":15,"column":2},"end":{"line":20,"column":4}},"10":{"start":{"line":23,"column":0},"end":{"line":27,"column":2}},"11":{"start":{"line":24,"column":2},"end":{"line":26,"column":3}},"12":{"start":{"line":25,"column":4},"end":{"line":25,"column":14}},"13":{"start":{"line":29,"column":0},"end":{"line":39,"column":4}},"14":{"start":{"line":32,"column":4},"end":{"line":38,"column":5}},"15":{"start":{"line":33,"column":24},"end":{"line":33,"column":89}},"16":{"start":{"line":34,"column":6},"end":{"line":37,"column":7}},"17":{"start":{"line":35,"column":22},"end":{"line":35,"column":52}},"18":{"start":{"line":36,"column":8},"end":{"line":36,"column":31}},"19":{"start":{"line":41,"column":0},"end":{"line":45,"column":3}},"20":{"start":{"line":42,"column":2},"end":{"line":44,"column":3}},"21":{"start":{"line":43,"column":4},"end":{"line":43,"column":32}},"22":{"start":{"line":47,"column":0},"end":{"line":47,"column":25}},"23":{"start":{"line":48,"column":0},"end":{"line":48,"column":25}},"24":{"start":{"line":50,"column":0},"end":{"line":50,"column":20}}},"fnMap":{"0":{"name":"(anonymous_0)","decl":{"start":{"line":23,"column":31},"end":{"line":23,"column":32}},"loc":{"start":{"line":23,"column":37},"end":{"line":27,"column":1}},"line":23},"1":{"name":"(anonymous_1)","decl":{"start":{"line":31,"column":12},"end":{"line":31,"column":13}},"loc":{"start":{"line":31,"column":26},"end":{"line":39,"column":3}},"line":31},"2":{"name":"(anonymous_2)","decl":{"start":{"line":41,"column":24},"end":{"line":41,"column":25}},"loc":{"start":{"line":41,"column":37},"end":{"line":45,"column":1}},"line":41}},"branchMap":{"0":{"loc":{"start":{"line":6,"column":13},"end":{"line":6,"column":50}},"type":"binary-expr","locations":[{"start":{"line":6,"column":13},"end":{"line":6,"column":33}},{"start":{"line":6,"column":37},"end":{"line":6,"column":50}}],"line":6},"1":{"loc":{"start":{"line":12,"column":0},"end":{"line":21,"column":1}},"type":"if","locations":[{"start":{"line":12,"column":0},"end":{"line":21,"column":1}},{"start":{"line":12,"column":0},"end":{"line":21,"column":1}}],"line":12},"2":{"loc":{"start":{"line":24,"column":2},"end":{"line":26,"column":3}},"type":"if","locations":[{"start":{"line":24,"column":2},"end":{"line":26,"column":3}},{"start":{"line":24,"column":2},"end":{"line":26,"column":3}}],"line":24},"3":{"loc":{"start":{"line":32,"column":4},"end":{"line":38,"column":5}},"type":"if","locations":[{"start":{"line":32,"column":4},"end":{"line":38,"column":5}},{"start":{"line":32,"column":4},"end":{"line":38,"column":5}}],"line":32},"4":{"loc":{"start":{"line":34,"column":6},"end":{"line":37,"column":7}},"type":"if","locations":[{"start":{"line":34,"column":6},"end":{"line":37,"column":7}},{"start":{"line":34,"column":6},"end":{"line":37,"column":7}}],"line":34},"5":{"loc":{"start":{"line":42,"column":2},"end":{"line":44,"column":3}},"type":"if","locations":[{"start":{"line":42,"column":2},"end":{"line":44,"column":3}},{"start":{"line":42,"column":2},"end":{"line":44,"column":3}}],"line":42}},"s":{"0":1,"1":1,"2":1,"3":1,"4":1,"5":1,"6":1,"7":1,"8":0,"9":1,"10":1,"11":0,"12":0,"13":1,"14":52,"15":9,"16":9,"17":8,"18":8,"19":1,"20":8,"21":6,"22":1,"23":1,"24":1},"f":{"0":0,"1":52,"2":8},"b":{"0":[1,0],"1":[0,1],"2":[0,0],"3":[9,43],"4":[8,1],"5":[6,2]},"_coverageSchema":"1a1c01bbd47fc00a2c39e90264f33305004495a9","hash":"37d45d5eb257318acf610e9589a1fe917da7b390"}
,"/app/routes.js": {"path":"/app/routes.js","statementMap":{"0":{"start":{"line":1,"column":11},"end":{"line":1,"column":24}},"1":{"start":{"line":2,"column":13},"end":{"line":2,"column":28}},"2":{"start":{"line":3,"column":15},"end":{"line":3,"column":42}},"3":{"start":{"line":5,"column":0},"end":{"line":15,"column":5}},"4":{"start":{"line":8,"column":2},"end":{"line":14,"column":3}},"5":{"start":{"line":9,"column":21},"end":{"line":9,"column":87}},"6":{"start":{"line":10,"column":3},"end":{"line":13,"column":4}},"7":{"start":{"line":11,"column":25},"end":{"line":11,"column":43}},"8":{"start":{"line":12,"column":4},"end":{"line":12,"column":45}},"9":{"start":{"line":17,"column":0},"end":{"line":17,"column":24}}},"fnMap":{"0":{"name":"(anonymous_0)","decl":{"start":{"line":7,"column":12},"end":{"line":7,"column":13}},"loc":{"start":{"line":7,"column":26},"end":{"line":15,"column":3}},"line":7}},"branchMap":{"0":{"loc":{"start":{"line":8,"column":2},"end":{"line":14,"column":3}},"type":"if","locations":[{"start":{"line":8,"column":2},"end":{"line":14,"column":3}},{"start":{"line":8,"column":2},"end":{"line":14,"column":3}}],"line":8},"1":{"loc":{"start":{"line":10,"column":3},"end":{"line":13,"column":4}},"type":"if","locations":[{"start":{"line":10,"column":3},"end":{"line":13,"column":4}},{"start":{"line":10,"column":3},"end":{"line":13,"column":4}}],"line":10}},"s":{"0":1,"1":1,"2":1,"3":1,"4":52,"5":9,"6":9,"7":8,"8":8,"9":1},"f":{"0":52},"b":{"0":[9,43],"1":[8,1]},"_coverageSchema":"1a1c01bbd47fc00a2c39e90264f33305004495a9","hash":"862cdda7d7d6b7a29a7a440f00e65c6bb82f2745"}
,"/app/config/config.js": {"path":"/app/config/config.js","statementMap":{"0":{"start":{"line":1,"column":0},"end":{"line":28,"column":1}}},"fnMap":{},"branchMap":{},"s":{"0":1},"f":{},"b":{},"_coverageSchema":"1a1c01bbd47fc00a2c39e90264f33305004495a9","hash":"502f4371dcd5b85f812b5869c9ce3cccc0d14433"}
,"/app/helpers/archive.js": {"path":"/app/helpers/archive.js","statementMap":{"0":{"start":{"line":1,"column":11},"end":{"line":1,"column":24}},"1":{"start":{"line":2,"column":19},"end":{"line":2,"column":41}},"2":{"start":{"line":18,"column":4},"end":{"line":18,"column":49}},"3":{"start":{"line":19,"column":4},"end":{"line":19,"column":21}},"4":{"start":{"line":20,"column":4},"end":{"line":20,"column":17}},"5":{"start":{"line":21,"column":4},"end":{"line":21,"column":21}},"6":{"start":{"line":30,"column":4},"end":{"line":30,"column":57}},"7":{"start":{"line":38,"column":23},"end":{"line":38,"column":38}},"8":{"start":{"line":39,"column":18},"end":{"line":39,"column":33}},"9":{"start":{"line":41,"column":4},"end":{"line":41,"column":49}},"10":{"start":{"line":45,"column":4},"end":{"line":45,"column":52}},"11":{"start":{"line":49,"column":4},"end":{"line":49,"column":34}},"12":{"start":{"line":56,"column":4},"end":{"line":58,"column":5}},"13":{"start":{"line":57,"column":6},"end":{"line":57,"column":37}},"14":{"start":{"line":65,"column":4},"end":{"line":65,"column":36}},"15":{"start":{"line":69,"column":0},"end":{"line":69,"column":25}}},"fnMap":{"0":{"name":"(anonymous_0)","decl":{"start":{"line":17,"column":2},"end":{"line":17,"column":3}},"loc":{"start":{"line":17,"column":42},"end":{"line":22,"column":3}},"line":17},"1":{"name":"(anonymous_1)","decl":{"start":{"line":29,"column":2},"end":{"line":29,"column":3}},"loc":{"start":{"line":29,"column":21},"end":{"line":31,"column":3}},"line":29},"2":{"name":"(anonymous_2)","decl":{"start":{"line":37,"column":2},"end":{"line":37,"column":3}},"loc":{"start":{"line":37,"column":26},"end":{"line":42,"column":3}},"line":37},"3":{"name":"(anonymous_3)","decl":{"start":{"line":44,"column":2},"end":{"line":44,"column":3}},"loc":{"start":{"line":44,"column":13},"end":{"line":46,"column":3}},"line":44},"4":{"name":"(anonymous_4)","decl":{"start":{"line":48,"column":2},"end":{"line":48,"column":3}},"loc":{"start":{"line":48,"column":14},"end":{"line":50,"column":3}},"line":48},"5":{"name":"(anonymous_5)","decl":{"start":{"line":55,"column":2},"end":{"line":55,"column":3}},"loc":{"start":{"line":55,"column":11},"end":{"line":59,"column":3}},"line":55},"6":{"name":"(anonymous_6)","decl":{"start":{"line":64,"column":2},"end":{"line":64,"column":3}},"loc":{"start":{"line":64,"column":11},"end":{"line":66,"column":3}},"line":64}},"branchMap":{"0":{"loc":{"start":{"line":17,"column":26},"end":{"line":17,"column":40}},"type":"default-arg","locations":[{"start":{"line":17,"column":31},"end":{"line":17,"column":40}}],"line":17},"1":{"loc":{"start":{"line":56,"column":4},"end":{"line":58,"column":5}},"type":"if","locations":[{"start":{"line":56,"column":4},"end":{"line":58,"column":5}},{"start":{"line":56,"column":4},"end":{"line":58,"column":5}}],"line":56}},"s":{"0":1,"1":1,"2":0,"3":0,"4":0,"5":0,"6":0,"7":0,"8":0,"9":0,"10":0,"11":0,"12":0,"13":0,"14":0,"15":1},"f":{"0":0,"1":0,"2":0,"3":0,"4":0,"5":0,"6":0},"b":{"0":[0],"1":[0,0]},"_coverageSchema":"1a1c01bbd47fc00a2c39e90264f33305004495a9","hash":"b6691aa930ab440b04880589f40476f347e342f1"}
,"/app/helpers/base.controller.js": {"path":"/app/helpers/base.controller.js","statementMap":{"0":{"start":{"line":3,"column":11},"end":{"line":3,"column":31}},"1":{"start":{"line":4,"column":17},"end":{"line":4,"column":44}},"2":{"start":{"line":8,"column":1},"end":{"line":8,"column":14}},"3":{"start":{"line":9,"column":1},"end":{"line":9,"column":24}},"4":{"start":{"line":11,"column":1},"end":{"line":13,"column":2}},"5":{"start":{"line":12,"column":2},"end":{"line":12,"column":40}},"6":{"start":{"line":16,"column":0},"end":{"line":18,"column":1}},"7":{"start":{"line":17,"column":1},"end":{"line":17,"column":27}},"8":{"start":{"line":20,"column":0},"end":{"line":25,"column":1}},"9":{"start":{"line":21,"column":12},"end":{"line":21,"column":39}},"10":{"start":{"line":22,"column":1},"end":{"line":24,"column":2}},"11":{"start":{"line":23,"column":2},"end":{"line":23,"column":32}},"12":{"start":{"line":27,"column":0},"end":{"line":32,"column":1}},"13":{"start":{"line":28,"column":12},"end":{"line":28,"column":39}},"14":{"start":{"line":29,"column":1},"end":{"line":31,"column":2}},"15":{"start":{"line":30,"column":2},"end":{"line":30,"column":31}},"16":{"start":{"line":34,"column":0},"end":{"line":36,"column":1}},"17":{"start":{"line":35,"column":1},"end":{"line":35,"column":53}},"18":{"start":{"line":38,"column":0},"end":{"line":58,"column":1}},"19":{"start":{"line":39,"column":16},"end":{"line":39,"column":20}},"20":{"start":{"line":40,"column":1},"end":{"line":40,"column":42}},"21":{"start":{"line":40,"column":10},"end":{"line":40,"column":42}},"22":{"start":{"line":42,"column":19},"end":{"line":42,"column":41}},"23":{"start":{"line":43,"column":16},"end":{"line":49,"column":4}},"24":{"start":{"line":50,"column":1},"end":{"line":52,"column":2}},"25":{"start":{"line":51,"column":2},"end":{"line":51,"column":62}},"26":{"start":{"line":54,"column":1},"end":{"line":56,"column":2}},"27":{"start":{"line":55,"column":2},"end":{"line":55,"column":19}},"28":{"start":{"line":57,"column":1},"end":{"line":57,"column":13}},"29":{"start":{"line":60,"column":0},"end":{"line":66,"column":1}},"30":{"start":{"line":61,"column":13},"end":{"line":64,"column":3}},"31":{"start":{"line":65,"column":1},"end":{"line":65,"column":12}},"32":{"start":{"line":68,"column":0},"end":{"line":89,"column":1}},"33":{"start":{"line":69,"column":68},"end":{"line":69,"column":72}},"34":{"start":{"line":71,"column":1},"end":{"line":88,"column":2}},"35":{"start":{"line":72,"column":14},"end":{"line":78,"column":4}},"36":{"start":{"line":79,"column":2},"end":{"line":79,"column":13}},"37":{"start":{"line":81,"column":15},"end":{"line":86,"column":4}},"38":{"start":{"line":87,"column":2},"end":{"line":87,"column":14}},"39":{"start":{"line":92,"column":0},"end":{"line":99,"column":1}},"40":{"start":{"line":93,"column":13},"end":{"line":97,"column":3}},"41":{"start":{"line":98,"column":1},"end":{"line":98,"column":12}},"42":{"start":{"line":101,"column":0},"end":{"line":101,"column":22}}},"fnMap":{"0":{"name":"base","decl":{"start":{"line":6,"column":9},"end":{"line":6,"column":13}},"loc":{"start":{"line":6,"column":20},"end":{"line":14,"column":1}},"line":6},"1":{"name":"(anonymous_1)","decl":{"start":{"line":16,"column":25},"end":{"line":16,"column":26}},"loc":{"start":{"line":16,"column":45},"end":{"line":18,"column":1}},"line":16},"2":{"name":"(anonymous_2)","decl":{"start":{"line":20,"column":26},"end":{"line":20,"column":27}},"loc":{"start":{"line":20,"column":52},"end":{"line":25,"column":1}},"line":20},"3":{"name":"(anonymous_3)","decl":{"start":{"line":27,"column":25},"end":{"line":27,"column":26}},"loc":{"start":{"line":27,"column":51},"end":{"line":32,"column":1}},"line":27},"4":{"name":"(anonymous_4)","decl":{"start":{"line":34,"column":28},"end":{"line":34,"column":29}},"loc":{"start":{"line":34,"column":48},"end":{"line":36,"column":1}},"line":34},"5":{"name":"(anonymous_5)","decl":{"start":{"line":38,"column":24},"end":{"line":38,"column":25}},"loc":{"start":{"line":38,"column":46},"end":{"line":58,"column":1}},"line":38},"6":{"name":"(anonymous_6)","decl":{"start":{"line":60,"column":24},"end":{"line":60,"column":25}},"loc":{"start":{"line":60,"column":46},"end":{"line":66,"column":1}},"line":60},"7":{"name":"(anonymous_7)","decl":{"start":{"line":68,"column":25},"end":{"line":68,"column":26}},"loc":{"start":{"line":68,"column":47},"end":{"line":89,"column":1}},"line":68},"8":{"name":"(anonymous_8)","decl":{"start":{"line":92,"column":24},"end":{"line":92,"column":25}},"loc":{"start":{"line":92,"column":44},"end":{"line":99,"column":1}},"line":92}},"branchMap":{"0":{"loc":{"start":{"line":11,"column":1},"end":{"line":13,"column":2}},"type":"if","locations":[{"start":{"line":11,"column":1},"end":{"line":13,"column":2}},{"start":{"line":11,"column":1},"end":{"line":13,"column":2}}],"line":11},"1":{"loc":{"start":{"line":11,"column":5},"end":{"line":11,"column":52}},"type":"binary-expr","locations":[{"start":{"line":11,"column":5},"end":{"line":11,"column":33}},{"start":{"line":11,"column":37},"end":{"line":11,"column":52}}],"line":11},"2":{"loc":{"start":{"line":22,"column":1},"end":{"line":24,"column":2}},"type":"if","locations":[{"start":{"line":22,"column":1},"end":{"line":24,"column":2}},{"start":{"line":22,"column":1},"end":{"line":24,"column":2}}],"line":22},"3":{"loc":{"start":{"line":29,"column":1},"end":{"line":31,"column":2}},"type":"if","locations":[{"start":{"line":29,"column":1},"end":{"line":31,"column":2}},{"start":{"line":29,"column":1},"end":{"line":31,"column":2}}],"line":29},"4":{"loc":{"start":{"line":40,"column":1},"end":{"line":40,"column":42}},"type":"if","locations":[{"start":{"line":40,"column":1},"end":{"line":40,"column":42}},{"start":{"line":40,"column":1},"end":{"line":40,"column":42}}],"line":40},"5":{"loc":{"start":{"line":50,"column":1},"end":{"line":52,"column":2}},"type":"if","locations":[{"start":{"line":50,"column":1},"end":{"line":52,"column":2}},{"start":{"line":50,"column":1},"end":{"line":52,"column":2}}],"line":50},"6":{"loc":{"start":{"line":54,"column":1},"end":{"line":56,"column":2}},"type":"if","locations":[{"start":{"line":54,"column":1},"end":{"line":56,"column":2}},{"start":{"line":54,"column":1},"end":{"line":56,"column":2}}],"line":54},"7":{"loc":{"start":{"line":71,"column":1},"end":{"line":88,"column":2}},"type":"if","locations":[{"start":{"line":71,"column":1},"end":{"line":88,"column":2}},{"start":{"line":71,"column":1},"end":{"line":88,"column":2}}],"line":71}},"s":{"0":1,"1":1,"2":7,"3":7,"4":7,"5":7,"6":1,"7":0,"8":1,"9":0,"10":0,"11":0,"12":1,"13":0,"14":0,"15":0,"16":1,"17":0,"18":1,"19":0,"20":0,"21":0,"22":0,"23":0,"24":0,"25":0,"26":0,"27":0,"28":0,"29":1,"30":0,"31":0,"32":1,"33":0,"34":0,"35":0,"36":0,"37":0,"38":0,"39":1,"40":0,"41":0,"42":1},"f":{"0":7,"1":0,"2":0,"3":0,"4":0,"5":0,"6":0,"7":0,"8":0},"b":{"0":[7,0],"1":[7,7],"2":[0,0],"3":[0,0],"4":[0,0],"5":[0,0],"6":[0,0],"7":[0,0]},"_coverageSchema":"1a1c01bbd47fc00a2c39e90264f33305004495a9","hash":"6bbdd3c4d189e53f05f6c3400d68a64d1afa3686"}
,"/app/helpers/utilities.js": {"path":"/app/helpers/utilities.js","statementMap":{"0":{"start":{"line":1,"column":10},"end":{"line":1,"column":27}},"1":{"start":{"line":2,"column":11},"end":{"line":2,"column":24}},"2":{"start":{"line":5,"column":27},"end":{"line":5,"column":29}},"3":{"start":{"line":6,"column":27},"end":{"line":6,"column":65}},"4":{"start":{"line":7,"column":27},"end":{"line":7,"column":44}},"5":{"start":{"line":8,"column":4},"end":{"line":10,"column":5}},"6":{"start":{"line":8,"column":18},"end":{"line":8,"column":19}},"7":{"start":{"line":9,"column":1},"end":{"line":9,"column":75}},"8":{"start":{"line":11,"column":4},"end":{"line":11,"column":18}},"9":{"start":{"line":15,"column":22},"end":{"line":18,"column":1}},"10":{"start":{"line":16,"column":12},"end":{"line":16,"column":167}},"11":{"start":{"line":17,"column":3},"end":{"line":17,"column":25}},"12":{"start":{"line":21,"column":36},"end":{"line":26,"column":1}},"13":{"start":{"line":22,"column":26},"end":{"line":22,"column":42}},"14":{"start":{"line":23,"column":13},"end":{"line":23,"column":43}},"15":{"start":{"line":24,"column":15},"end":{"line":24,"column":32}},"16":{"start":{"line":25,"column":2},"end":{"line":25,"column":16}},"17":{"start":{"line":29,"column":36},"end":{"line":34,"column":1}},"18":{"start":{"line":30,"column":26},"end":{"line":30,"column":42}},"19":{"start":{"line":31,"column":13},"end":{"line":31,"column":43}},"20":{"start":{"line":32,"column":15},"end":{"line":32,"column":32}},"21":{"start":{"line":33,"column":2},"end":{"line":33,"column":16}},"22":{"start":{"line":38,"column":20},"end":{"line":43,"column":2}},"23":{"start":{"line":38,"column":51},"end":{"line":43,"column":1}},"24":{"start":{"line":45,"column":26},"end":{"line":49,"column":6}},"25":{"start":{"line":46,"column":5},"end":{"line":49,"column":5}},"26":{"start":{"line":50,"column":19},"end":{"line":50,"column":82}},"27":{"start":{"line":50,"column":47},"end":{"line":50,"column":82}},"28":{"start":{"line":52,"column":22},"end":{"line":56,"column":1}},"29":{"start":{"line":53,"column":4},"end":{"line":55,"column":5}},"30":{"start":{"line":58,"column":21},"end":{"line":58,"column":111}},"31":{"start":{"line":58,"column":53},"end":{"line":58,"column":111}},"32":{"start":{"line":60,"column":37},"end":{"line":69,"column":1}},"33":{"start":{"line":61,"column":21},"end":{"line":61,"column":25}},"34":{"start":{"line":62,"column":19},"end":{"line":62,"column":28}},"35":{"start":{"line":63,"column":4},"end":{"line":68,"column":5}},"36":{"start":{"line":64,"column":13},"end":{"line":64,"column":17}},"37":{"start":{"line":65,"column":1},"end":{"line":65,"column":69}},"38":{"start":{"line":66,"column":1},"end":{"line":66,"column":32}},"39":{"start":{"line":67,"column":1},"end":{"line":67,"column":19}},"40":{"start":{"line":71,"column":43},"end":{"line":91,"column":1}},"41":{"start":{"line":73,"column":15},"end":{"line":73,"column":17}},"42":{"start":{"line":74,"column":4},"end":{"line":76,"column":5}},"43":{"start":{"line":75,"column":1},"end":{"line":75,"column":13}},"44":{"start":{"line":78,"column":4},"end":{"line":78,"column":48}},"45":{"start":{"line":78,"column":20},"end":{"line":78,"column":48}},"46":{"start":{"line":80,"column":4},"end":{"line":89,"column":6}},"47":{"start":{"line":81,"column":20},"end":{"line":84,"column":29}},"48":{"start":{"line":85,"column":16},"end":{"line":85,"column":25}},"49":{"start":{"line":86,"column":1},"end":{"line":86,"column":40}},"50":{"start":{"line":88,"column":1},"end":{"line":88,"column":101}},"51":{"start":{"line":90,"column":4},"end":{"line":90,"column":15}},"52":{"start":{"line":93,"column":36},"end":{"line":100,"column":1}},"53":{"start":{"line":94,"column":4},"end":{"line":99,"column":5}},"54":{"start":{"line":95,"column":18},"end":{"line":95,"column":22}},"55":{"start":{"line":96,"column":16},"end":{"line":96,"column":25}},"56":{"start":{"line":97,"column":1},"end":{"line":97,"column":69}},"57":{"start":{"line":98,"column":1},"end":{"line":98,"column":19}},"58":{"start":{"line":102,"column":21},"end":{"line":104,"column":1}},"59":{"start":{"line":103,"column":4},"end":{"line":103,"column":33}},"60":{"start":{"line":108,"column":21},"end":{"line":108,"column":127}},"61":{"start":{"line":108,"column":30},"end":{"line":108,"column":127}},"62":{"start":{"line":113,"column":1},"end":{"line":121,"column":2}},"63":{"start":{"line":114,"column":2},"end":{"line":120,"column":3}},"64":{"start":{"line":115,"column":3},"end":{"line":119,"column":4}},"65":{"start":{"line":116,"column":4},"end":{"line":116,"column":18}},"66":{"start":{"line":117,"column":10},"end":{"line":119,"column":4}},"67":{"start":{"line":118,"column":4},"end":{"line":118,"column":56}},"68":{"start":{"line":122,"column":1},"end":{"line":122,"column":14}},"69":{"start":{"line":127,"column":4},"end":{"line":133,"column":7}},"70":{"start":{"line":128,"column":1},"end":{"line":128,"column":24}},"71":{"start":{"line":129,"column":1},"end":{"line":131,"column":2}},"72":{"start":{"line":130,"column":5},"end":{"line":130,"column":54}},"73":{"start":{"line":132,"column":1},"end":{"line":132,"column":15}},"74":{"start":{"line":137,"column":0},"end":{"line":150,"column":2}}},"fnMap":{"0":{"name":"makeid","decl":{"start":{"line":4,"column":9},"end":{"line":4,"column":15}},"loc":{"start":{"line":4,"column":24},"end":{"line":12,"column":1}},"line":4},"1":{"name":"(anonymous_1)","decl":{"start":{"line":15,"column":22},"end":{"line":15,"column":23}},"loc":{"start":{"line":15,"column":33},"end":{"line":18,"column":1}},"line":15},"2":{"name":"(anonymous_2)","decl":{"start":{"line":21,"column":36},"end":{"line":21,"column":37}},"loc":{"start":{"line":21,"column":64},"end":{"line":26,"column":1}},"line":21},"3":{"name":"(anonymous_3)","decl":{"start":{"line":29,"column":36},"end":{"line":29,"column":37}},"loc":{"start":{"line":29,"column":64},"end":{"line":34,"column":1}},"line":29},"4":{"name":"(anonymous_4)","decl":{"start":{"line":38,"column":20},"end":{"line":38,"column":21}},"loc":{"start":{"line":38,"column":51},"end":{"line":43,"column":1}},"line":38},"5":{"name":"(anonymous_5)","decl":{"start":{"line":45,"column":26},"end":{"line":45,"column":27}},"loc":{"start":{"line":46,"column":5},"end":{"line":49,"column":5}},"line":46},"6":{"name":"(anonymous_6)","decl":{"start":{"line":50,"column":19},"end":{"line":50,"column":20}},"loc":{"start":{"line":50,"column":47},"end":{"line":50,"column":82}},"line":50},"7":{"name":"(anonymous_7)","decl":{"start":{"line":52,"column":22},"end":{"line":52,"column":23}},"loc":{"start":{"line":52,"column":52},"end":{"line":56,"column":1}},"line":52},"8":{"name":"(anonymous_8)","decl":{"start":{"line":58,"column":21},"end":{"line":58,"column":22}},"loc":{"start":{"line":58,"column":53},"end":{"line":58,"column":111}},"line":58},"9":{"name":"(anonymous_9)","decl":{"start":{"line":60,"column":37},"end":{"line":60,"column":38}},"loc":{"start":{"line":60,"column":58},"end":{"line":69,"column":1}},"line":60},"10":{"name":"(anonymous_10)","decl":{"start":{"line":71,"column":43},"end":{"line":71,"column":44}},"loc":{"start":{"line":71,"column":80},"end":{"line":91,"column":1}},"line":71},"11":{"name":"(anonymous_11)","decl":{"start":{"line":80,"column":13},"end":{"line":80,"column":14}},"loc":{"start":{"line":80,"column":18},"end":{"line":89,"column":5}},"line":80},"12":{"name":"(anonymous_12)","decl":{"start":{"line":93,"column":36},"end":{"line":93,"column":37}},"loc":{"start":{"line":93,"column":81},"end":{"line":100,"column":1}},"line":93},"13":{"name":"(anonymous_13)","decl":{"start":{"line":102,"column":21},"end":{"line":102,"column":22}},"loc":{"start":{"line":102,"column":28},"end":{"line":104,"column":1}},"line":102},"14":{"name":"(anonymous_14)","decl":{"start":{"line":108,"column":21},"end":{"line":108,"column":22}},"loc":{"start":{"line":108,"column":30},"end":{"line":108,"column":127}},"line":108},"15":{"name":"findRelation","decl":{"start":{"line":112,"column":9},"end":{"line":112,"column":21}},"loc":{"start":{"line":112,"column":49},"end":{"line":123,"column":1}},"line":112},"16":{"name":"cleanAttributes","decl":{"start":{"line":126,"column":9},"end":{"line":126,"column":24}},"loc":{"start":{"line":126,"column":36},"end":{"line":134,"column":1}},"line":126},"17":{"name":"(anonymous_17)","decl":{"start":{"line":127,"column":28},"end":{"line":127,"column":29}},"loc":{"start":{"line":127,"column":40},"end":{"line":133,"column":5}},"line":127}},"branchMap":{"0":{"loc":{"start":{"line":63,"column":4},"end":{"line":68,"column":5}},"type":"if","locations":[{"start":{"line":63,"column":4},"end":{"line":68,"column":5}},{"start":{"line":63,"column":4},"end":{"line":68,"column":5}}],"line":63},"1":{"loc":{"start":{"line":71,"column":59},"end":{"line":71,"column":75}},"type":"default-arg","locations":[{"start":{"line":71,"column":71},"end":{"line":71,"column":75}}],"line":71},"2":{"loc":{"start":{"line":74,"column":4},"end":{"line":76,"column":5}},"type":"if","locations":[{"start":{"line":74,"column":4},"end":{"line":76,"column":5}},{"start":{"line":74,"column":4},"end":{"line":76,"column":5}}],"line":74},"3":{"loc":{"start":{"line":78,"column":4},"end":{"line":78,"column":48}},"type":"if","locations":[{"start":{"line":78,"column":4},"end":{"line":78,"column":48}},{"start":{"line":78,"column":4},"end":{"line":78,"column":48}}],"line":78},"4":{"loc":{"start":{"line":81,"column":20},"end":{"line":84,"column":29}},"type":"cond-expr","locations":[{"start":{"line":82,"column":5},"end":{"line":82,"column":17}},{"start":{"line":82,"column":18},"end":{"line":84,"column":29}}],"line":81},"5":{"loc":{"start":{"line":82,"column":18},"end":{"line":84,"column":29}},"type":"cond-expr","locations":[{"start":{"line":83,"column":5},"end":{"line":83,"column":17}},{"start":{"line":83,"column":18},"end":{"line":84,"column":29}}],"line":82},"6":{"loc":{"start":{"line":83,"column":18},"end":{"line":84,"column":29}},"type":"cond-expr","locations":[{"start":{"line":84,"column":5},"end":{"line":84,"column":17}},{"start":{"line":84,"column":18},"end":{"line":84,"column":29}}],"line":83},"7":{"loc":{"start":{"line":93,"column":63},"end":{"line":93,"column":76}},"type":"default-arg","locations":[{"start":{"line":93,"column":71},"end":{"line":93,"column":76}}],"line":93},"8":{"loc":{"start":{"line":94,"column":4},"end":{"line":99,"column":5}},"type":"if","locations":[{"start":{"line":94,"column":4},"end":{"line":99,"column":5}},{"start":{"line":94,"column":4},"end":{"line":99,"column":5}}],"line":94},"9":{"loc":{"start":{"line":108,"column":30},"end":{"line":108,"column":127}},"type":"cond-expr","locations":[{"start":{"line":108,"column":67},"end":{"line":108,"column":96}},{"start":{"line":108,"column":99},"end":{"line":108,"column":127}}],"line":108},"10":{"loc":{"start":{"line":113,"column":1},"end":{"line":121,"column":2}},"type":"if","locations":[{"start":{"line":113,"column":1},"end":{"line":121,"column":2}},{"start":{"line":113,"column":1},"end":{"line":121,"column":2}}],"line":113},"11":{"loc":{"start":{"line":115,"column":3},"end":{"line":119,"column":4}},"type":"if","locations":[{"start":{"line":115,"column":3},"end":{"line":119,"column":4}},{"start":{"line":115,"column":3},"end":{"line":119,"column":4}}],"line":115},"12":{"loc":{"start":{"line":115,"column":7},"end":{"line":115,"column":60}},"type":"binary-expr","locations":[{"start":{"line":115,"column":7},"end":{"line":115,"column":25}},{"start":{"line":115,"column":29},"end":{"line":115,"column":60}}],"line":115},"13":{"loc":{"start":{"line":117,"column":10},"end":{"line":119,"column":4}},"type":"if","locations":[{"start":{"line":117,"column":10},"end":{"line":119,"column":4}},{"start":{"line":117,"column":10},"end":{"line":119,"column":4}}],"line":117},"14":{"loc":{"start":{"line":117,"column":14},"end":{"line":117,"column":50}},"type":"binary-expr","locations":[{"start":{"line":117,"column":14},"end":{"line":117,"column":32}},{"start":{"line":117,"column":36},"end":{"line":117,"column":50}}],"line":117},"15":{"loc":{"start":{"line":129,"column":1},"end":{"line":131,"column":2}},"type":"if","locations":[{"start":{"line":129,"column":1},"end":{"line":131,"column":2}},{"start":{"line":129,"column":1},"end":{"line":131,"column":2}}],"line":129}},"s":{"0":1,"1":1,"2":0,"3":0,"4":0,"5":0,"6":0,"7":0,"8":0,"9":1,"10":0,"11":0,"12":1,"13":0,"14":0,"15":0,"16":0,"17":1,"18":0,"19":0,"20":0,"21":0,"22":1,"23":0,"24":1,"25":0,"26":1,"27":0,"28":1,"29":0,"30":1,"31":0,"32":1,"33":0,"34":0,"35":0,"36":0,"37":0,"38":0,"39":0,"40":1,"41":0,"42":0,"43":0,"44":0,"45":0,"46":0,"47":0,"48":0,"49":0,"50":0,"51":0,"52":1,"53":0,"54":0,"55":0,"56":0,"57":0,"58":1,"59":0,"60":1,"61":0,"62":0,"63":0,"64":0,"65":0,"66":0,"67":0,"68":0,"69":0,"70":0,"71":0,"72":0,"73":0,"74":1},"f":{"0":0,"1":0,"2":0,"3":0,"4":0,"5":0,"6":0,"7":0,"8":0,"9":0,"10":0,"11":0,"12":0,"13":0,"14":0,"15":0,"16":0,"17":0},"b":{"0":[0,0],"1":[0],"2":[0,0],"3":[0,0],"4":[0,0],"5":[0,0],"6":[0,0],"7":[0],"8":[0,0],"9":[0,0],"10":[0,0],"11":[0,0],"12":[0,0],"13":[0,0],"14":[0,0],"15":[0,0]},"_coverageSchema":"1a1c01bbd47fc00a2c39e90264f33305004495a9","hash":"e23c64a9a7fc91dab9b2655d7015acdb128eff0f"}
,"/app/helpers/validations.js": {"path":"/app/helpers/validations.js","statementMap":{"0":{"start":{"line":6,"column":0},"end":{"line":9,"column":1}},"1":{"start":{"line":7,"column":12},"end":{"line":7,"column":167}},"2":{"start":{"line":8,"column":3},"end":{"line":8,"column":25}},"3":{"start":{"line":16,"column":0},"end":{"line":18,"column":1}},"4":{"start":{"line":17,"column":2},"end":{"line":17,"column":62}},"5":{"start":{"line":20,"column":0},"end":{"line":23,"column":1}},"6":{"start":{"line":21,"column":13},"end":{"line":21,"column":40}},"7":{"start":{"line":22,"column":1},"end":{"line":22,"column":26}}},"fnMap":{"0":{"name":"(anonymous_0)","decl":{"start":{"line":6,"column":24},"end":{"line":6,"column":25}},"loc":{"start":{"line":6,"column":35},"end":{"line":9,"column":1}},"line":6},"1":{"name":"(anonymous_1)","decl":{"start":{"line":16,"column":32},"end":{"line":16,"column":33}},"loc":{"start":{"line":16,"column":46},"end":{"line":18,"column":1}},"line":16},"2":{"name":"(anonymous_2)","decl":{"start":{"line":20,"column":23},"end":{"line":20,"column":24}},"loc":{"start":{"line":20,"column":34},"end":{"line":23,"column":1}},"line":20}},"branchMap":{"0":{"loc":{"start":{"line":17,"column":9},"end":{"line":17,"column":61}},"type":"binary-expr","locations":[{"start":{"line":17,"column":9},"end":{"line":17,"column":38}},{"start":{"line":17,"column":42},"end":{"line":17,"column":61}}],"line":17}},"s":{"0":1,"1":3,"2":3,"3":1,"4":3,"5":1,"6":0,"7":0},"f":{"0":3,"1":3,"2":0},"b":{"0":[3,3]},"_coverageSchema":"1a1c01bbd47fc00a2c39e90264f33305004495a9","hash":"312d559b923c9ed6fc9f01fe5cb1b929ec6be33e"}
,"/app/http/error.js": {"path":"/app/http/error.js","statementMap":{"0":{"start":{"line":7,"column":15},"end":{"line":7,"column":43}},"1":{"start":{"line":25,"column":4},"end":{"line":25,"column":41}},"2":{"start":{"line":29,"column":4},"end":{"line":29,"column":33}},"3":{"start":{"line":33,"column":4},"end":{"line":33,"column":22}},"4":{"start":{"line":42,"column":4},"end":{"line":42,"column":33}},"5":{"start":{"line":50,"column":4},"end":{"line":50,"column":31}},"6":{"start":{"line":54,"column":4},"end":{"line":54,"column":48}},"7":{"start":{"line":59,"column":0},"end":{"line":59,"column":31}}},"fnMap":{"0":{"name":"(anonymous_0)","decl":{"start":{"line":24,"column":2},"end":{"line":24,"column":3}},"loc":{"start":{"line":24,"column":40},"end":{"line":34,"column":3}},"line":24},"1":{"name":"(anonymous_1)","decl":{"start":{"line":41,"column":2},"end":{"line":41,"column":3}},"loc":{"start":{"line":41,"column":28},"end":{"line":43,"column":3}},"line":41},"2":{"name":"(anonymous_2)","decl":{"start":{"line":49,"column":2},"end":{"line":49,"column":3}},"loc":{"start":{"line":49,"column":22},"end":{"line":51,"column":3}},"line":49},"3":{"name":"(anonymous_3)","decl":{"start":{"line":53,"column":2},"end":{"line":53,"column":3}},"loc":{"start":{"line":53,"column":15},"end":{"line":55,"column":3}},"line":53}},"branchMap":{"0":{"loc":{"start":{"line":24,"column":26},"end":{"line":24,"column":38}},"type":"default-arg","locations":[{"start":{"line":24,"column":34},"end":{"line":24,"column":38}}],"line":24},"1":{"loc":{"start":{"line":25,"column":10},"end":{"line":25,"column":39}},"type":"binary-expr","locations":[{"start":{"line":25,"column":10},"end":{"line":25,"column":17}},{"start":{"line":25,"column":21},"end":{"line":25,"column":39}}],"line":25}},"s":{"0":1,"1":4,"2":4,"3":4,"4":0,"5":0,"6":0,"7":1},"f":{"0":4,"1":0,"2":0,"3":0},"b":{"0":[3],"1":[4,3]},"_coverageSchema":"1a1c01bbd47fc00a2c39e90264f33305004495a9","hash":"c090e577aaeeb59b6db650aa37ce9399fd92f349"}
,"/app/http/index.js": {"path":"/app/http/index.js","statementMap":{"0":{"start":{"line":1,"column":0},"end":{"line":1,"column":40}},"1":{"start":{"line":2,"column":0},"end":{"line":2,"column":42}}},"fnMap":{},"branchMap":{},"s":{"0":1,"1":1},"f":{},"b":{},"_coverageSchema":"1a1c01bbd47fc00a2c39e90264f33305004495a9","hash":"99711d94a23d6edaf49c490f0b8d3e0852e6c082"}
,"/app/http/response.js": {"path":"/app/http/response.js","statementMap":{"0":{"start":{"line":3,"column":22},"end":{"line":3,"column":40}},"1":{"start":{"line":9,"column":15},"end":{"line":9,"column":43}},"2":{"start":{"line":33,"column":4},"end":{"line":33,"column":20}},"3":{"start":{"line":37,"column":4},"end":{"line":37,"column":26}},"4":{"start":{"line":44,"column":4},"end":{"line":44,"column":48}},"5":{"start":{"line":52,"column":4},"end":{"line":59,"column":5}},"6":{"start":{"line":53,"column":6},"end":{"line":58,"column":9}},"7":{"start":{"line":61,"column":4},"end":{"line":69,"column":5}},"8":{"start":{"line":62,"column":6},"end":{"line":62,"column":40}},"9":{"start":{"line":63,"column":6},"end":{"line":68,"column":11}},"10":{"start":{"line":72,"column":4},"end":{"line":77,"column":9}},"11":{"start":{"line":85,"column":4},"end":{"line":89,"column":5}},"12":{"start":{"line":86,"column":24},"end":{"line":86,"column":42}},"13":{"start":{"line":87,"column":6},"end":{"line":87,"column":46}},"14":{"start":{"line":88,"column":6},"end":{"line":88,"column":25}},"15":{"start":{"line":90,"column":4},"end":{"line":90,"column":29}},"16":{"start":{"line":94,"column":0},"end":{"line":94,"column":26}}},"fnMap":{"0":{"name":"(anonymous_0)","decl":{"start":{"line":29,"column":2},"end":{"line":29,"column":3}},"loc":{"start":{"line":29,"column":19},"end":{"line":38,"column":3}},"line":29},"1":{"name":"(anonymous_1)","decl":{"start":{"line":43,"column":2},"end":{"line":43,"column":3}},"loc":{"start":{"line":43,"column":19},"end":{"line":45,"column":3}},"line":43},"2":{"name":"(anonymous_2)","decl":{"start":{"line":51,"column":2},"end":{"line":51,"column":3}},"loc":{"start":{"line":51,"column":20},"end":{"line":78,"column":3}},"line":51},"3":{"name":"(anonymous_3)","decl":{"start":{"line":84,"column":2},"end":{"line":84,"column":3}},"loc":{"start":{"line":84,"column":19},"end":{"line":91,"column":3}},"line":84}},"branchMap":{"0":{"loc":{"start":{"line":51,"column":7},"end":{"line":51,"column":18}},"type":"default-arg","locations":[{"start":{"line":51,"column":14},"end":{"line":51,"column":18}}],"line":51},"1":{"loc":{"start":{"line":52,"column":4},"end":{"line":59,"column":5}},"type":"if","locations":[{"start":{"line":52,"column":4},"end":{"line":59,"column":5}},{"start":{"line":52,"column":4},"end":{"line":59,"column":5}}],"line":52},"2":{"loc":{"start":{"line":61,"column":4},"end":{"line":69,"column":5}},"type":"if","locations":[{"start":{"line":61,"column":4},"end":{"line":69,"column":5}},{"start":{"line":61,"column":4},"end":{"line":69,"column":5}}],"line":61},"3":{"loc":{"start":{"line":85,"column":4},"end":{"line":89,"column":5}},"type":"if","locations":[{"start":{"line":85,"column":4},"end":{"line":89,"column":5}},{"start":{"line":85,"column":4},"end":{"line":89,"column":5}}],"line":85}},"s":{"0":1,"1":1,"2":9,"3":9,"4":5,"5":8,"6":0,"7":8,"8":3,"9":3,"10":5,"11":3,"12":0,"13":0,"14":0,"15":3,"16":1},"f":{"0":9,"1":5,"2":8,"3":3},"b":{"0":[0],"1":[0,8],"2":[3,5],"3":[0,3]},"_coverageSchema":"1a1c01bbd47fc00a2c39e90264f33305004495a9","hash":"ba74716dda75a584618090693c6722a040989de4"}
,"/app/middleware/auth.js": {"path":"/app/middleware/auth.js","statementMap":{"0":{"start":{"line":1,"column":12},"end":{"line":1,"column":35}},"1":{"start":{"line":2,"column":10},"end":{"line":2,"column":27}},"2":{"start":{"line":3,"column":23},"end":{"line":3,"column":43}},"3":{"start":{"line":4,"column":36},"end":{"line":4,"column":54}},"4":{"start":{"line":13,"column":32},"end":{"line":58,"column":1}},"5":{"start":{"line":14,"column":31},"end":{"line":14,"column":53}},"6":{"start":{"line":15,"column":21},"end":{"line":15,"column":39}},"7":{"start":{"line":17,"column":4},"end":{"line":19,"column":5}},"8":{"start":{"line":18,"column":8},"end":{"line":18,"column":22}},"9":{"start":{"line":21,"column":4},"end":{"line":23,"column":5}},"10":{"start":{"line":22,"column":8},"end":{"line":22,"column":22}},"11":{"start":{"line":26,"column":4},"end":{"line":28,"column":5}},"12":{"start":{"line":27,"column":8},"end":{"line":27,"column":22}},"13":{"start":{"line":30,"column":4},"end":{"line":32,"column":5}},"14":{"start":{"line":31,"column":8},"end":{"line":31,"column":22}},"15":{"start":{"line":34,"column":17},"end":{"line":34,"column":71}},"16":{"start":{"line":36,"column":4},"end":{"line":38,"column":5}},"17":{"start":{"line":37,"column":8},"end":{"line":37,"column":49}},"18":{"start":{"line":40,"column":16},"end":{"line":40,"column":36}},"19":{"start":{"line":42,"column":4},"end":{"line":44,"column":5}},"20":{"start":{"line":43,"column":8},"end":{"line":43,"column":49}},"21":{"start":{"line":46,"column":4},"end":{"line":57,"column":5}},"22":{"start":{"line":47,"column":24},"end":{"line":47,"column":64}},"23":{"start":{"line":49,"column":19},"end":{"line":49,"column":96}},"24":{"start":{"line":50,"column":8},"end":{"line":52,"column":9}},"25":{"start":{"line":51,"column":12},"end":{"line":51,"column":53}},"26":{"start":{"line":53,"column":8},"end":{"line":53,"column":24}},"27":{"start":{"line":54,"column":8},"end":{"line":54,"column":15}},"28":{"start":{"line":56,"column":8},"end":{"line":56,"column":49}},"29":{"start":{"line":60,"column":0},"end":{"line":60,"column":41}}},"fnMap":{"0":{"name":"(anonymous_0)","decl":{"start":{"line":13,"column":32},"end":{"line":13,"column":33}},"loc":{"start":{"line":13,"column":64},"end":{"line":58,"column":1}},"line":13}},"branchMap":{"0":{"loc":{"start":{"line":17,"column":4},"end":{"line":19,"column":5}},"type":"if","locations":[{"start":{"line":17,"column":4},"end":{"line":19,"column":5}},{"start":{"line":17,"column":4},"end":{"line":19,"column":5}}],"line":17},"1":{"loc":{"start":{"line":21,"column":4},"end":{"line":23,"column":5}},"type":"if","locations":[{"start":{"line":21,"column":4},"end":{"line":23,"column":5}},{"start":{"line":21,"column":4},"end":{"line":23,"column":5}}],"line":21},"2":{"loc":{"start":{"line":26,"column":4},"end":{"line":28,"column":5}},"type":"if","locations":[{"start":{"line":26,"column":4},"end":{"line":28,"column":5}},{"start":{"line":26,"column":4},"end":{"line":28,"column":5}}],"line":26},"3":{"loc":{"start":{"line":30,"column":4},"end":{"line":32,"column":5}},"type":"if","locations":[{"start":{"line":30,"column":4},"end":{"line":32,"column":5}},{"start":{"line":30,"column":4},"end":{"line":32,"column":5}}],"line":30},"4":{"loc":{"start":{"line":30,"column":7},"end":{"line":30,"column":64}},"type":"binary-expr","locations":[{"start":{"line":30,"column":7},"end":{"line":30,"column":39}},{"start":{"line":30,"column":43},"end":{"line":30,"column":64}}],"line":30},"5":{"loc":{"start":{"line":34,"column":17},"end":{"line":34,"column":71}},"type":"binary-expr","locations":[{"start":{"line":34,"column":17},"end":{"line":34,"column":42}},{"start":{"line":34,"column":46},"end":{"line":34,"column":71}}],"line":34},"6":{"loc":{"start":{"line":36,"column":4},"end":{"line":38,"column":5}},"type":"if","locations":[{"start":{"line":36,"column":4},"end":{"line":38,"column":5}},{"start":{"line":36,"column":4},"end":{"line":38,"column":5}}],"line":36},"7":{"loc":{"start":{"line":42,"column":4},"end":{"line":44,"column":5}},"type":"if","locations":[{"start":{"line":42,"column":4},"end":{"line":44,"column":5}},{"start":{"line":42,"column":4},"end":{"line":44,"column":5}}],"line":42},"8":{"loc":{"start":{"line":50,"column":8},"end":{"line":52,"column":9}},"type":"if","locations":[{"start":{"line":50,"column":8},"end":{"line":52,"column":9}},{"start":{"line":50,"column":8},"end":{"line":52,"column":9}}],"line":50}},"s":{"0":1,"1":1,"2":1,"3":1,"4":1,"5":3,"6":3,"7":3,"8":0,"9":3,"10":0,"11":3,"12":0,"13":3,"14":0,"15":3,"16":3,"17":1,"18":2,"19":2,"20":0,"21":2,"22":2,"23":1,"24":1,"25":0,"26":1,"27":1,"28":1,"29":1},"f":{"0":3},"b":{"0":[0,3],"1":[0,3],"2":[0,3],"3":[0,3],"4":[3,3],"5":[3,3],"6":[1,2],"7":[0,2],"8":[0,1]},"_coverageSchema":"1a1c01bbd47fc00a2c39e90264f33305004495a9","hash":"cedd311adf474ba683fe1bc9e50fd5d154c05e22"}
,"/app/modules/authorize/authorize.controller.js": {"path":"/app/modules/authorize/authorize.controller.js","statementMap":{"0":{"start":{"line":3,"column":13},"end":{"line":3,"column":53}},"1":{"start":{"line":4,"column":26},"end":{"line":4,"column":47}},"2":{"start":{"line":6,"column":19},"end":{"line":6,"column":40}},"3":{"start":{"line":8,"column":0},"end":{"line":37,"column":1}},"4":{"start":{"line":9,"column":23},"end":{"line":9,"column":79}},"5":{"start":{"line":11,"column":2},"end":{"line":14,"column":3}},"6":{"start":{"line":12,"column":26},"end":{"line":12,"column":78}},"7":{"start":{"line":13,"column":4},"end":{"line":13,"column":37}},"8":{"start":{"line":16,"column":2},"end":{"line":36,"column":3}},"9":{"start":{"line":17,"column":27},"end":{"line":21,"column":6}},"10":{"start":{"line":23,"column":4},"end":{"line":26,"column":5}},"11":{"start":{"line":24,"column":32},"end":{"line":24,"column":82}},"12":{"start":{"line":25,"column":6},"end":{"line":25,"column":42}},"13":{"start":{"line":28,"column":17},"end":{"line":28,"column":85}},"14":{"start":{"line":30,"column":4},"end":{"line":30,"column":78}},"15":{"start":{"line":33,"column":4},"end":{"line":33,"column":24}},"16":{"start":{"line":34,"column":26},"end":{"line":34,"column":67}},"17":{"start":{"line":35,"column":4},"end":{"line":35,"column":37}},"18":{"start":{"line":40,"column":0},"end":{"line":67,"column":1}},"19":{"start":{"line":41,"column":23},"end":{"line":41,"column":49}},"20":{"start":{"line":43,"column":2},"end":{"line":46,"column":3}},"21":{"start":{"line":44,"column":26},"end":{"line":44,"column":78}},"22":{"start":{"line":45,"column":4},"end":{"line":45,"column":37}},"23":{"start":{"line":48,"column":2},"end":{"line":66,"column":3}},"24":{"start":{"line":49,"column":27},"end":{"line":53,"column":6}},"25":{"start":{"line":55,"column":4},"end":{"line":58,"column":5}},"26":{"start":{"line":56,"column":32},"end":{"line":56,"column":82}},"27":{"start":{"line":57,"column":6},"end":{"line":57,"column":42}},"28":{"start":{"line":60,"column":4},"end":{"line":60,"column":37}},"29":{"start":{"line":61,"column":4},"end":{"line":61,"column":21}},"30":{"start":{"line":64,"column":26},"end":{"line":64,"column":67}},"31":{"start":{"line":65,"column":4},"end":{"line":65,"column":37}},"32":{"start":{"line":70,"column":0},"end":{"line":70,"column":28}}},"fnMap":{"0":{"name":"(anonymous_0)","decl":{"start":{"line":8,"column":31},"end":{"line":8,"column":32}},"loc":{"start":{"line":8,"column":57},"end":{"line":37,"column":1}},"line":8},"1":{"name":"(anonymous_1)","decl":{"start":{"line":40,"column":32},"end":{"line":40,"column":33}},"loc":{"start":{"line":40,"column":58},"end":{"line":67,"column":1}},"line":40}},"branchMap":{"0":{"loc":{"start":{"line":9,"column":23},"end":{"line":9,"column":79}},"type":"binary-expr","locations":[{"start":{"line":9,"column":23},"end":{"line":9,"column":49}},{"start":{"line":9,"column":53},"end":{"line":9,"column":79}}],"line":9},"1":{"loc":{"start":{"line":11,"column":2},"end":{"line":14,"column":3}},"type":"if","locations":[{"start":{"line":11,"column":2},"end":{"line":14,"column":3}},{"start":{"line":11,"column":2},"end":{"line":14,"column":3}}],"line":11},"2":{"loc":{"start":{"line":23,"column":4},"end":{"line":26,"column":5}},"type":"if","locations":[{"start":{"line":23,"column":4},"end":{"line":26,"column":5}},{"start":{"line":23,"column":4},"end":{"line":26,"column":5}}],"line":23},"3":{"loc":{"start":{"line":43,"column":2},"end":{"line":46,"column":3}},"type":"if","locations":[{"start":{"line":43,"column":2},"end":{"line":46,"column":3}},{"start":{"line":43,"column":2},"end":{"line":46,"column":3}}],"line":43},"4":{"loc":{"start":{"line":43,"column":6},"end":{"line":43,"column":49}},"type":"binary-expr","locations":[{"start":{"line":43,"column":6},"end":{"line":43,"column":19}},{"start":{"line":43,"column":23},"end":{"line":43,"column":49}}],"line":43},"5":{"loc":{"start":{"line":55,"column":4},"end":{"line":58,"column":5}},"type":"if","locations":[{"start":{"line":55,"column":4},"end":{"line":58,"column":5}},{"start":{"line":55,"column":4},"end":{"line":58,"column":5}}],"line":55}},"s":{"0":1,"1":1,"2":1,"3":1,"4":2,"5":2,"6":0,"7":0,"8":2,"9":2,"10":2,"11":1,"12":1,"13":1,"14":1,"15":0,"16":0,"17":0,"18":1,"19":0,"20":0,"21":0,"22":0,"23":0,"24":0,"25":0,"26":0,"27":0,"28":0,"29":0,"30":0,"31":0,"32":1},"f":{"0":2,"1":0},"b":{"0":[2,2],"1":[0,2],"2":[1,1],"3":[0,0],"4":[0,0],"5":[0,0]},"_coverageSchema":"1a1c01bbd47fc00a2c39e90264f33305004495a9","hash":"dde21e24364c4c4134d2b09e6f9fd8f1cb54db05"}
,"/app/modules/authorize/authorize.model.js": {"path":"/app/modules/authorize/authorize.model.js","statementMap":{"0":{"start":{"line":2,"column":12},"end":{"line":2,"column":35}},"1":{"start":{"line":4,"column":0},"end":{"line":62,"column":1}},"2":{"start":{"line":7,"column":22},"end":{"line":34,"column":6}},"3":{"start":{"line":36,"column":4},"end":{"line":42,"column":5}},"4":{"start":{"line":38,"column":8},"end":{"line":41,"column":10}},"5":{"start":{"line":44,"column":4},"end":{"line":59,"column":5}},"6":{"start":{"line":45,"column":21},"end":{"line":45,"column":31}},"7":{"start":{"line":46,"column":8},"end":{"line":46,"column":40}},"8":{"start":{"line":48,"column":28},"end":{"line":53,"column":10}},"9":{"start":{"line":55,"column":8},"end":{"line":58,"column":9}},"10":{"start":{"line":61,"column":4},"end":{"line":61,"column":21}}},"fnMap":{"0":{"name":"(anonymous_0)","decl":{"start":{"line":4,"column":17},"end":{"line":4,"column":18}},"loc":{"start":{"line":4,"column":43},"end":{"line":62,"column":1}},"line":4},"1":{"name":"(anonymous_1)","decl":{"start":{"line":36,"column":26},"end":{"line":36,"column":27}},"loc":{"start":{"line":36,"column":42},"end":{"line":42,"column":5}},"line":36},"2":{"name":"(anonymous_2)","decl":{"start":{"line":44,"column":46},"end":{"line":44,"column":47}},"loc":{"start":{"line":44,"column":64},"end":{"line":59,"column":5}},"line":44}},"branchMap":{},"s":{"0":1,"1":1,"2":1,"3":1,"4":1,"5":1,"6":4,"7":4,"8":4,"9":4,"10":1},"f":{"0":1,"1":1,"2":4},"b":{},"_coverageSchema":"1a1c01bbd47fc00a2c39e90264f33305004495a9","hash":"ce7849e0c6ddcd3efecf072fadf900a91cec29f5"}
,"/app/modules/authorize/authorize.router.js": {"path":"/app/modules/authorize/authorize.router.js","statementMap":{"0":{"start":{"line":3,"column":15},"end":{"line":3,"column":42}},"1":{"start":{"line":4,"column":28},"end":{"line":4,"column":61}},"2":{"start":{"line":5,"column":17},"end":{"line":5,"column":47}},"3":{"start":{"line":11,"column":0},"end":{"line":13,"column":3}},"4":{"start":{"line":12,"column":2},"end":{"line":12,"column":64}},"5":{"start":{"line":19,"column":0},"end":{"line":21,"column":3}},"6":{"start":{"line":20,"column":2},"end":{"line":20,"column":64}},"7":{"start":{"line":24,"column":0},"end":{"line":24,"column":24}}},"fnMap":{"0":{"name":"(anonymous_0)","decl":{"start":{"line":11,"column":17},"end":{"line":11,"column":18}},"loc":{"start":{"line":11,"column":31},"end":{"line":13,"column":1}},"line":11},"1":{"name":"(anonymous_1)","decl":{"start":{"line":19,"column":23},"end":{"line":19,"column":24}},"loc":{"start":{"line":19,"column":37},"end":{"line":21,"column":1}},"line":19}},"branchMap":{},"s":{"0":1,"1":1,"2":1,"3":1,"4":2,"5":1,"6":0,"7":1},"f":{"0":2,"1":0},"b":{},"_coverageSchema":"1a1c01bbd47fc00a2c39e90264f33305004495a9","hash":"02d2f9adedc9714c887d8da53ed3dd61ebdb414c"}
,"/app/modules/community/community.controller.js": {"path":"/app/modules/community/community.controller.js","statementMap":{"0":{"start":{"line":3,"column":33},"end":{"line":3,"column":67}},"1":{"start":{"line":6,"column":10},"end":{"line":6,"column":27}},"2":{"start":{"line":7,"column":13},"end":{"line":7,"column":53}},"3":{"start":{"line":8,"column":19},"end":{"line":8,"column":40}},"4":{"start":{"line":10,"column":11},"end":{"line":10,"column":34}},"5":{"start":{"line":12,"column":12},"end":{"line":12,"column":35}},"6":{"start":{"line":18,"column":4},"end":{"line":22,"column":5}},"7":{"start":{"line":19,"column":1},"end":{"line":19,"column":14}},"8":{"start":{"line":21,"column":1},"end":{"line":21,"column":10}},"9":{"start":{"line":23,"column":13},"end":{"line":25,"column":34}},"10":{"start":{"line":26,"column":4},"end":{"line":26,"column":14}},"11":{"start":{"line":30,"column":0},"end":{"line":72,"column":1}},"12":{"start":{"line":32,"column":25},"end":{"line":32,"column":35}},"13":{"start":{"line":33,"column":49},"end":{"line":33,"column":57}},"14":{"start":{"line":34,"column":26},"end":{"line":34,"column":35}},"15":{"start":{"line":35,"column":4},"end":{"line":71,"column":5}},"16":{"start":{"line":36,"column":14},"end":{"line":42,"column":3}},"17":{"start":{"line":44,"column":1},"end":{"line":62,"column":4}},"18":{"start":{"line":64,"column":1},"end":{"line":70,"column":4}},"19":{"start":{"line":74,"column":0},"end":{"line":105,"column":1}},"20":{"start":{"line":76,"column":141},"end":{"line":76,"column":149}},"21":{"start":{"line":77,"column":4},"end":{"line":104,"column":5}},"22":{"start":{"line":78,"column":15},"end":{"line":89,"column":3}},"23":{"start":{"line":90,"column":1},"end":{"line":96,"column":2}},"24":{"start":{"line":91,"column":5},"end":{"line":95,"column":8}},"25":{"start":{"line":98,"column":1},"end":{"line":103,"column":4}},"26":{"start":{"line":107,"column":0},"end":{"line":143,"column":1}},"27":{"start":{"line":108,"column":19},"end":{"line":108,"column":29}},"28":{"start":{"line":109,"column":154},"end":{"line":109,"column":162}},"29":{"start":{"line":111,"column":4},"end":{"line":142,"column":4}},"30":{"start":{"line":130,"column":5},"end":{"line":134,"column":7}},"31":{"start":{"line":136,"column":5},"end":{"line":141,"column":7}},"32":{"start":{"line":145,"column":0},"end":{"line":172,"column":1}},"33":{"start":{"line":146,"column":19},"end":{"line":146,"column":29}},"34":{"start":{"line":147,"column":4},"end":{"line":171,"column":5}},"35":{"start":{"line":148,"column":18},"end":{"line":148,"column":43}},"36":{"start":{"line":149,"column":1},"end":{"line":162,"column":2}},"37":{"start":{"line":150,"column":5},"end":{"line":154,"column":8}},"38":{"start":{"line":156,"column":5},"end":{"line":161,"column":8}},"39":{"start":{"line":165,"column":1},"end":{"line":170,"column":4}},"40":{"start":{"line":174,"column":0},"end":{"line":174,"column":28}}},"fnMap":{"0":{"name":"llama","decl":{"start":{"line":14,"column":9},"end":{"line":14,"column":14}},"loc":{"start":{"line":14,"column":52},"end":{"line":27,"column":1}},"line":14},"1":{"name":"(anonymous_1)","decl":{"start":{"line":30,"column":21},"end":{"line":30,"column":22}},"loc":{"start":{"line":30,"column":47},"end":{"line":72,"column":1}},"line":30},"2":{"name":"(anonymous_2)","decl":{"start":{"line":74,"column":22},"end":{"line":74,"column":23}},"loc":{"start":{"line":74,"column":48},"end":{"line":105,"column":1}},"line":74},"3":{"name":"(anonymous_3)","decl":{"start":{"line":107,"column":21},"end":{"line":107,"column":22}},"loc":{"start":{"line":107,"column":47},"end":{"line":143,"column":1}},"line":107},"4":{"name":"(anonymous_4)","decl":{"start":{"line":129,"column":7},"end":{"line":129,"column":8}},"loc":{"start":{"line":129,"column":19},"end":{"line":135,"column":2}},"line":129},"5":{"name":"(anonymous_5)","decl":{"start":{"line":135,"column":10},"end":{"line":135,"column":11}},"loc":{"start":{"line":135,"column":17},"end":{"line":142,"column":2}},"line":135},"6":{"name":"(anonymous_6)","decl":{"start":{"line":145,"column":24},"end":{"line":145,"column":25}},"loc":{"start":{"line":145,"column":50},"end":{"line":172,"column":1}},"line":145}},"branchMap":{"0":{"loc":{"start":{"line":18,"column":4},"end":{"line":22,"column":5}},"type":"if","locations":[{"start":{"line":18,"column":4},"end":{"line":22,"column":5}},{"start":{"line":18,"column":4},"end":{"line":22,"column":5}}],"line":18},"1":{"loc":{"start":{"line":90,"column":1},"end":{"line":96,"column":2}},"type":"if","locations":[{"start":{"line":90,"column":1},"end":{"line":96,"column":2}},{"start":{"line":90,"column":1},"end":{"line":96,"column":2}}],"line":90},"2":{"loc":{"start":{"line":133,"column":11},"end":{"line":133,"column":36}},"type":"cond-expr","locations":[{"start":{"line":133,"column":25},"end":{"line":133,"column":31}},{"start":{"line":133,"column":34},"end":{"line":133,"column":36}}],"line":133},"3":{"loc":{"start":{"line":149,"column":1},"end":{"line":162,"column":2}},"type":"if","locations":[{"start":{"line":149,"column":1},"end":{"line":162,"column":2}},{"start":{"line":149,"column":1},"end":{"line":162,"column":2}}],"line":149}},"s":{"0":1,"1":1,"2":1,"3":1,"4":1,"5":1,"6":0,"7":0,"8":0,"9":0,"10":0,"11":1,"12":0,"13":0,"14":0,"15":0,"16":0,"17":0,"18":0,"19":1,"20":0,"21":0,"22":0,"23":0,"24":0,"25":0,"26":1,"27":0,"28":0,"29":0,"30":0,"31":0,"32":1,"33":0,"34":0,"35":0,"36":0,"37":0,"38":0,"39":0,"40":1},"f":{"0":0,"1":0,"2":0,"3":0,"4":0,"5":0,"6":0},"b":{"0":[0,0],"1":[0,0],"2":[0,0],"3":[0,0]},"_coverageSchema":"1a1c01bbd47fc00a2c39e90264f33305004495a9","hash":"832987ac4801b3aecd250d68aadaf279d538c4e5"}
,"/app/modules/community/community.model.js": {"path":"/app/modules/community/community.model.js","statementMap":{"0":{"start":{"line":2,"column":18},"end":{"line":2,"column":38}},"1":{"start":{"line":4,"column":0},"end":{"line":122,"column":2}},"2":{"start":{"line":5,"column":19},"end":{"line":39,"column":3}},"3":{"start":{"line":41,"column":1},"end":{"line":90,"column":3}},"4":{"start":{"line":43,"column":2},"end":{"line":47,"column":4}},"5":{"start":{"line":54,"column":2},"end":{"line":57,"column":5}},"6":{"start":{"line":92,"column":1},"end":{"line":119,"column":1}},"7":{"start":{"line":93,"column":2},"end":{"line":95,"column":3}},"8":{"start":{"line":94,"column":3},"end":{"line":94,"column":44}},"9":{"start":{"line":96,"column":20},"end":{"line":96,"column":67}},"10":{"start":{"line":97,"column":2},"end":{"line":97,"column":21}},"11":{"start":{"line":101,"column":2},"end":{"line":103,"column":3}},"12":{"start":{"line":102,"column":3},"end":{"line":102,"column":48}},"13":{"start":{"line":104,"column":20},"end":{"line":106,"column":4}},"14":{"start":{"line":107,"column":2},"end":{"line":107,"column":21}},"15":{"start":{"line":111,"column":2},"end":{"line":113,"column":3}},"16":{"start":{"line":112,"column":4},"end":{"line":112,"column":50}},"17":{"start":{"line":114,"column":2},"end":{"line":118,"column":4}},"18":{"start":{"line":121,"column":1},"end":{"line":121,"column":18}}},"fnMap":{"0":{"name":"(anonymous_0)","decl":{"start":{"line":4,"column":17},"end":{"line":4,"column":18}},"loc":{"start":{"line":4,"column":43},"end":{"line":122,"column":1}},"line":4},"1":{"name":"(anonymous_1)","decl":{"start":{"line":41,"column":23},"end":{"line":41,"column":24}},"loc":{"start":{"line":41,"column":41},"end":{"line":90,"column":2}},"line":41},"2":{"name":"(anonymous_2)","decl":{"start":{"line":92,"column":20},"end":{"line":92,"column":21}},"loc":{"start":{"line":92,"column":40},"end":{"line":98,"column":2}},"line":92},"3":{"name":"(anonymous_3)","decl":{"start":{"line":100,"column":26},"end":{"line":100,"column":27}},"loc":{"start":{"line":100,"column":48},"end":{"line":108,"column":2}},"line":100},"4":{"name":"(anonymous_4)","decl":{"start":{"line":110,"column":24},"end":{"line":110,"column":25}},"loc":{"start":{"line":110,"column":40},"end":{"line":119,"column":1}},"line":110}},"branchMap":{"0":{"loc":{"start":{"line":93,"column":2},"end":{"line":95,"column":3}},"type":"if","locations":[{"start":{"line":93,"column":2},"end":{"line":95,"column":3}},{"start":{"line":93,"column":2},"end":{"line":95,"column":3}}],"line":93},"1":{"loc":{"start":{"line":101,"column":2},"end":{"line":103,"column":3}},"type":"if","locations":[{"start":{"line":101,"column":2},"end":{"line":103,"column":3}},{"start":{"line":101,"column":2},"end":{"line":103,"column":3}}],"line":101},"2":{"loc":{"start":{"line":111,"column":2},"end":{"line":113,"column":3}},"type":"if","locations":[{"start":{"line":111,"column":2},"end":{"line":113,"column":3}},{"start":{"line":111,"column":2},"end":{"line":113,"column":3}}],"line":111}},"s":{"0":1,"1":1,"2":1,"3":1,"4":1,"5":1,"6":1,"7":0,"8":0,"9":0,"10":0,"11":0,"12":0,"13":0,"14":0,"15":0,"16":0,"17":0,"18":1},"f":{"0":1,"1":1,"2":0,"3":0,"4":0},"b":{"0":[0,0],"1":[0,0],"2":[0,0]},"_coverageSchema":"1a1c01bbd47fc00a2c39e90264f33305004495a9","hash":"5520727f66e375c47824770b423625c4f2aaf033"}
,"/app/modules/community/community.router.js": {"path":"/app/modules/community/community.router.js","statementMap":{"0":{"start":{"line":3,"column":15},"end":{"line":3,"column":42}},"1":{"start":{"line":4,"column":28},"end":{"line":4,"column":61}},"2":{"start":{"line":5,"column":17},"end":{"line":5,"column":47}},"3":{"start":{"line":7,"column":0},"end":{"line":10,"column":3}},"4":{"start":{"line":9,"column":2},"end":{"line":9,"column":9}},"5":{"start":{"line":12,"column":0},"end":{"line":15,"column":3}},"6":{"start":{"line":14,"column":2},"end":{"line":14,"column":54}},"7":{"start":{"line":17,"column":0},"end":{"line":20,"column":3}},"8":{"start":{"line":19,"column":2},"end":{"line":19,"column":55}},"9":{"start":{"line":22,"column":0},"end":{"line":25,"column":3}},"10":{"start":{"line":24,"column":2},"end":{"line":24,"column":54}},"11":{"start":{"line":27,"column":0},"end":{"line":30,"column":3}},"12":{"start":{"line":29,"column":2},"end":{"line":29,"column":57}},"13":{"start":{"line":32,"column":0},"end":{"line":32,"column":24}}},"fnMap":{"0":{"name":"(anonymous_0)","decl":{"start":{"line":7,"column":11},"end":{"line":7,"column":12}},"loc":{"start":{"line":7,"column":31},"end":{"line":10,"column":1}},"line":7},"1":{"name":"(anonymous_1)","decl":{"start":{"line":12,"column":26},"end":{"line":12,"column":27}},"loc":{"start":{"line":12,"column":44},"end":{"line":15,"column":1}},"line":12},"2":{"name":"(anonymous_2)","decl":{"start":{"line":17,"column":16},"end":{"line":17,"column":17}},"loc":{"start":{"line":17,"column":30},"end":{"line":20,"column":1}},"line":17},"3":{"name":"(anonymous_3)","decl":{"start":{"line":22,"column":18},"end":{"line":22,"column":19}},"loc":{"start":{"line":22,"column":32},"end":{"line":25,"column":1}},"line":22},"4":{"name":"(anonymous_4)","decl":{"start":{"line":27,"column":21},"end":{"line":27,"column":22}},"loc":{"start":{"line":27,"column":35},"end":{"line":30,"column":1}},"line":27}},"branchMap":{},"s":{"0":1,"1":1,"2":1,"3":1,"4":0,"5":1,"6":0,"7":1,"8":0,"9":1,"10":0,"11":1,"12":0,"13":1},"f":{"0":0,"1":0,"2":0,"3":0,"4":0},"b":{},"_coverageSchema":"1a1c01bbd47fc00a2c39e90264f33305004495a9","hash":"abce711672c16b350d5f4fa75203c4b5ebca8cc9"}
,"/app/modules/country/country.controller.js": {"path":"/app/modules/country/country.controller.js","statementMap":{"0":{"start":{"line":3,"column":13},"end":{"line":3,"column":53}},"1":{"start":{"line":4,"column":17},"end":{"line":4,"column":47}},"2":{"start":{"line":5,"column":22},"end":{"line":5,"column":49}},"3":{"start":{"line":7,"column":19},"end":{"line":7,"column":38}},"4":{"start":{"line":12,"column":0},"end":{"line":22,"column":1}},"5":{"start":{"line":13,"column":2},"end":{"line":21,"column":3}},"6":{"start":{"line":14,"column":22},"end":{"line":14,"column":50}},"7":{"start":{"line":15,"column":4},"end":{"line":15,"column":31}},"8":{"start":{"line":18,"column":4},"end":{"line":18,"column":34}},"9":{"start":{"line":19,"column":16},"end":{"line":19,"column":57}},"10":{"start":{"line":20,"column":4},"end":{"line":20,"column":25}},"11":{"start":{"line":24,"column":0},"end":{"line":24,"column":28}}},"fnMap":{"0":{"name":"(anonymous_0)","decl":{"start":{"line":12,"column":21},"end":{"line":12,"column":22}},"loc":{"start":{"line":12,"column":47},"end":{"line":22,"column":1}},"line":12}},"branchMap":{},"s":{"0":1,"1":1,"2":1,"3":1,"4":1,"5":0,"6":0,"7":0,"8":0,"9":0,"10":0,"11":1},"f":{"0":0},"b":{},"_coverageSchema":"1a1c01bbd47fc00a2c39e90264f33305004495a9","hash":"27419c77f74aff60b1ed86359edee38821d7d840"}
,"/app/modules/country/country.model.js": {"path":"/app/modules/country/country.model.js","statementMap":{"0":{"start":{"line":2,"column":30},"end":{"line":2,"column":50}},"1":{"start":{"line":4,"column":0},"end":{"line":57,"column":1}},"2":{"start":{"line":5,"column":21},"end":{"line":5,"column":80}},"3":{"start":{"line":6,"column":20},"end":{"line":35,"column":6}},"4":{"start":{"line":37,"column":4},"end":{"line":43,"column":5}},"5":{"start":{"line":38,"column":8},"end":{"line":40,"column":9}},"6":{"start":{"line":39,"column":12},"end":{"line":39,"column":53}},"7":{"start":{"line":41,"column":24},"end":{"line":41,"column":71}},"8":{"start":{"line":42,"column":8},"end":{"line":42,"column":25}},"9":{"start":{"line":45,"column":4},"end":{"line":54,"column":5}},"10":{"start":{"line":46,"column":8},"end":{"line":48,"column":9}},"11":{"start":{"line":47,"column":12},"end":{"line":47,"column":55}},"12":{"start":{"line":49,"column":8},"end":{"line":53,"column":10}},"13":{"start":{"line":56,"column":4},"end":{"line":56,"column":19}}},"fnMap":{"0":{"name":"(anonymous_0)","decl":{"start":{"line":4,"column":17},"end":{"line":4,"column":18}},"loc":{"start":{"line":4,"column":43},"end":{"line":57,"column":1}},"line":4},"1":{"name":"(anonymous_1)","decl":{"start":{"line":37,"column":21},"end":{"line":37,"column":22}},"loc":{"start":{"line":37,"column":41},"end":{"line":43,"column":5}},"line":37},"2":{"name":"(anonymous_2)","decl":{"start":{"line":45,"column":25},"end":{"line":45,"column":26}},"loc":{"start":{"line":45,"column":47},"end":{"line":54,"column":5}},"line":45}},"branchMap":{"0":{"loc":{"start":{"line":38,"column":8},"end":{"line":40,"column":9}},"type":"if","locations":[{"start":{"line":38,"column":8},"end":{"line":40,"column":9}},{"start":{"line":38,"column":8},"end":{"line":40,"column":9}}],"line":38},"1":{"loc":{"start":{"line":46,"column":8},"end":{"line":48,"column":9}},"type":"if","locations":[{"start":{"line":46,"column":8},"end":{"line":48,"column":9}},{"start":{"line":46,"column":8},"end":{"line":48,"column":9}}],"line":46}},"s":{"0":1,"1":1,"2":3,"3":3,"4":3,"5":0,"6":0,"7":0,"8":0,"9":3,"10":0,"11":0,"12":0,"13":3},"f":{"0":3,"1":0,"2":0},"b":{"0":[0,0],"1":[0,0]},"_coverageSchema":"1a1c01bbd47fc00a2c39e90264f33305004495a9","hash":"6fb99622aaebdd6f557979d3ddd37613f8ba36a9"}
,"/app/modules/country/country.router.js": {"path":"/app/modules/country/country.router.js","statementMap":{"0":{"start":{"line":3,"column":15},"end":{"line":3,"column":42}},"1":{"start":{"line":4,"column":26},"end":{"line":4,"column":57}},"2":{"start":{"line":5,"column":17},"end":{"line":5,"column":47}},"3":{"start":{"line":7,"column":0},"end":{"line":10,"column":3}},"4":{"start":{"line":9,"column":2},"end":{"line":9,"column":52}},"5":{"start":{"line":12,"column":0},"end":{"line":14,"column":3}},"6":{"start":{"line":13,"column":2},"end":{"line":13,"column":24}},"7":{"start":{"line":17,"column":0},"end":{"line":17,"column":24}}},"fnMap":{"0":{"name":"(anonymous_0)","decl":{"start":{"line":7,"column":15},"end":{"line":7,"column":16}},"loc":{"start":{"line":7,"column":33},"end":{"line":10,"column":1}},"line":7},"1":{"name":"(anonymous_1)","decl":{"start":{"line":12,"column":17},"end":{"line":12,"column":18}},"loc":{"start":{"line":12,"column":36},"end":{"line":14,"column":1}},"line":12}},"branchMap":{},"s":{"0":1,"1":1,"2":1,"3":1,"4":0,"5":1,"6":0,"7":1},"f":{"0":0,"1":0},"b":{},"_coverageSchema":"1a1c01bbd47fc00a2c39e90264f33305004495a9","hash":"42a948273ab5c0d35be2089bbca1e7ffe677d232"}
,"/app/modules/event/event.controller.js": {"path":"/app/modules/event/event.controller.js","statementMap":{"0":{"start":{"line":3,"column":13},"end":{"line":3,"column":53}},"1":{"start":{"line":4,"column":18},"end":{"line":4,"column":45}},"2":{"start":{"line":5,"column":19},"end":{"line":5,"column":36}},"3":{"start":{"line":6,"column":25},"end":{"line":6,"column":61}},"4":{"start":{"line":7,"column":69},"end":{"line":7,"column":103}},"5":{"start":{"line":8,"column":26},"end":{"line":8,"column":47}},"6":{"start":{"line":9,"column":16},"end":{"line":9,"column":48}},"7":{"start":{"line":12,"column":0},"end":{"line":35,"column":1}},"8":{"start":{"line":14,"column":30},"end":{"line":14,"column":38}},"9":{"start":{"line":15,"column":4},"end":{"line":33,"column":5}},"10":{"start":{"line":16,"column":21},"end":{"line":19,"column":10}},"11":{"start":{"line":21,"column":8},"end":{"line":25,"column":9}},"12":{"start":{"line":21,"column":20},"end":{"line":21,"column":21}},"13":{"start":{"line":22,"column":12},"end":{"line":24,"column":13}},"14":{"start":{"line":23,"column":16},"end":{"line":23,"column":76}},"15":{"start":{"line":27,"column":8},"end":{"line":27,"column":25}},"16":{"start":{"line":30,"column":8},"end":{"line":30,"column":28}},"17":{"start":{"line":31,"column":32},"end":{"line":31,"column":73}},"18":{"start":{"line":32,"column":8},"end":{"line":32,"column":41}},"19":{"start":{"line":37,"column":0},"end":{"line":58,"column":1}},"20":{"start":{"line":38,"column":19},"end":{"line":38,"column":29}},"21":{"start":{"line":40,"column":4},"end":{"line":43,"column":5}},"22":{"start":{"line":41,"column":32},"end":{"line":41,"column":79}},"23":{"start":{"line":42,"column":8},"end":{"line":42,"column":41}},"24":{"start":{"line":45,"column":4},"end":{"line":56,"column":5}},"25":{"start":{"line":46,"column":22},"end":{"line":48,"column":10}},"26":{"start":{"line":49,"column":8},"end":{"line":51,"column":9}},"27":{"start":{"line":50,"column":12},"end":{"line":50,"column":64}},"28":{"start":{"line":52,"column":8},"end":{"line":52,"column":31}},"29":{"start":{"line":54,"column":32},"end":{"line":54,"column":73}},"30":{"start":{"line":55,"column":8},"end":{"line":55,"column":41}},"31":{"start":{"line":61,"column":0},"end":{"line":193,"column":1}},"32":{"start":{"line":77,"column":8},"end":{"line":77,"column":16}},"33":{"start":{"line":79,"column":28},"end":{"line":79,"column":50}},"34":{"start":{"line":81,"column":20},"end":{"line":93,"column":5}},"35":{"start":{"line":95,"column":4},"end":{"line":101,"column":5}},"36":{"start":{"line":96,"column":8},"end":{"line":98,"column":9}},"37":{"start":{"line":97,"column":12},"end":{"line":97,"column":48}},"38":{"start":{"line":100,"column":8},"end":{"line":100,"column":51}},"39":{"start":{"line":103,"column":4},"end":{"line":109,"column":5}},"40":{"start":{"line":104,"column":8},"end":{"line":106,"column":9}},"41":{"start":{"line":105,"column":12},"end":{"line":105,"column":55}},"42":{"start":{"line":108,"column":8},"end":{"line":108,"column":58}},"43":{"start":{"line":111,"column":4},"end":{"line":120,"column":5}},"44":{"start":{"line":112,"column":8},"end":{"line":114,"column":9}},"45":{"start":{"line":113,"column":12},"end":{"line":113,"column":47}},"46":{"start":{"line":115,"column":8},"end":{"line":117,"column":9}},"47":{"start":{"line":116,"column":12},"end":{"line":116,"column":59}},"48":{"start":{"line":119,"column":8},"end":{"line":119,"column":51}},"49":{"start":{"line":122,"column":4},"end":{"line":131,"column":5}},"50":{"start":{"line":123,"column":8},"end":{"line":125,"column":9}},"51":{"start":{"line":124,"column":12},"end":{"line":124,"column":46}},"52":{"start":{"line":126,"column":8},"end":{"line":128,"column":9}},"53":{"start":{"line":127,"column":12},"end":{"line":127,"column":59}},"54":{"start":{"line":130,"column":8},"end":{"line":130,"column":50}},"55":{"start":{"line":133,"column":4},"end":{"line":143,"column":5}},"56":{"start":{"line":134,"column":8},"end":{"line":142,"column":9}},"57":{"start":{"line":135,"column":12},"end":{"line":135,"column":51}},"58":{"start":{"line":136,"column":12},"end":{"line":138,"column":13}},"59":{"start":{"line":137,"column":16},"end":{"line":137,"column":79}},"60":{"start":{"line":139,"column":12},"end":{"line":139,"column":36}},"61":{"start":{"line":141,"column":12},"end":{"line":141,"column":56}},"62":{"start":{"line":145,"column":4},"end":{"line":154,"column":5}},"63":{"start":{"line":146,"column":8},"end":{"line":153,"column":9}},"64":{"start":{"line":147,"column":12},"end":{"line":149,"column":13}},"65":{"start":{"line":148,"column":16},"end":{"line":148,"column":77}},"66":{"start":{"line":150,"column":12},"end":{"line":150,"column":32}},"67":{"start":{"line":152,"column":12},"end":{"line":152,"column":54}},"68":{"start":{"line":156,"column":4},"end":{"line":165,"column":5}},"69":{"start":{"line":157,"column":8},"end":{"line":164,"column":9}},"70":{"start":{"line":158,"column":12},"end":{"line":160,"column":13}},"71":{"start":{"line":159,"column":16},"end":{"line":159,"column":65}},"72":{"start":{"line":161,"column":12},"end":{"line":161,"column":42}},"73":{"start":{"line":163,"column":12},"end":{"line":163,"column":60}},"74":{"start":{"line":167,"column":4},"end":{"line":169,"column":2}},"75":{"start":{"line":168,"column":2},"end":{"line":168,"column":34}},"76":{"start":{"line":171,"column":4},"end":{"line":192,"column":5}},"77":{"start":{"line":172,"column":8},"end":{"line":181,"column":9}},"78":{"start":{"line":173,"column":24},"end":{"line":173,"column":61}},"79":{"start":{"line":174,"column":12},"end":{"line":174,"column":32}},"80":{"start":{"line":175,"column":12},"end":{"line":175,"column":42}},"81":{"start":{"line":176,"column":12},"end":{"line":180,"column":13}},"82":{"start":{"line":177,"column":53},"end":{"line":177,"column":123}},"83":{"start":{"line":178,"column":16},"end":{"line":178,"column":59}},"84":{"start":{"line":179,"column":16},"end":{"line":179,"column":63}},"85":{"start":{"line":183,"column":21},"end":{"line":183,"column":49}},"86":{"start":{"line":185,"column":8},"end":{"line":185,"column":29}},"87":{"start":{"line":186,"column":8},"end":{"line":186,"column":25}},"88":{"start":{"line":189,"column":8},"end":{"line":189,"column":28}},"89":{"start":{"line":190,"column":32},"end":{"line":190,"column":73}},"90":{"start":{"line":191,"column":8},"end":{"line":191,"column":40}},"91":{"start":{"line":195,"column":0},"end":{"line":277,"column":1}},"92":{"start":{"line":196,"column":19},"end":{"line":196,"column":29}},"93":{"start":{"line":197,"column":192},"end":{"line":197,"column":200}},"94":{"start":{"line":198,"column":4},"end":{"line":276,"column":5}},"95":{"start":{"line":200,"column":8},"end":{"line":207,"column":9}},"96":{"start":{"line":201,"column":12},"end":{"line":206,"column":15}},"97":{"start":{"line":209,"column":8},"end":{"line":216,"column":9}},"98":{"start":{"line":210,"column":12},"end":{"line":215,"column":15}},"99":{"start":{"line":218,"column":25},"end":{"line":220,"column":10}},"100":{"start":{"line":221,"column":26},"end":{"line":221,"column":68}},"101":{"start":{"line":222,"column":23},"end":{"line":222,"column":62}},"102":{"start":{"line":223,"column":20},"end":{"line":223,"column":85}},"103":{"start":{"line":224,"column":8},"end":{"line":224,"column":56}},"104":{"start":{"line":224,"column":43},"end":{"line":224,"column":56}},"105":{"start":{"line":225,"column":24},"end":{"line":225,"column":55}},"106":{"start":{"line":227,"column":21},"end":{"line":251,"column":14}},"107":{"start":{"line":252,"column":8},"end":{"line":268,"column":9}},"108":{"start":{"line":253,"column":12},"end":{"line":253,"column":60}},"109":{"start":{"line":253,"column":36},"end":{"line":253,"column":60}},"110":{"start":{"line":254,"column":12},"end":{"line":254,"column":84}},"111":{"start":{"line":254,"column":60},"end":{"line":254,"column":84}},"112":{"start":{"line":255,"column":12},"end":{"line":255,"column":83}},"113":{"start":{"line":255,"column":23},"end":{"line":255,"column":83}},"114":{"start":{"line":256,"column":12},"end":{"line":260,"column":15}},"115":{"start":{"line":262,"column":12},"end":{"line":267,"column":15}},"116":{"start":{"line":270,"column":8},"end":{"line":275,"column":11}},"117":{"start":{"line":279,"column":0},"end":{"line":309,"column":1}},"118":{"start":{"line":280,"column":19},"end":{"line":280,"column":29}},"119":{"start":{"line":281,"column":4},"end":{"line":308,"column":5}},"120":{"start":{"line":282,"column":25},"end":{"line":284,"column":10}},"121":{"start":{"line":285,"column":8},"end":{"line":285,"column":61}},"122":{"start":{"line":285,"column":30},"end":{"line":285,"column":61}},"123":{"start":{"line":286,"column":25},"end":{"line":286,"column":50}},"124":{"start":{"line":287,"column":8},"end":{"line":300,"column":9}},"125":{"start":{"line":288,"column":12},"end":{"line":292,"column":15}},"126":{"start":{"line":294,"column":12},"end":{"line":299,"column":15}},"127":{"start":{"line":302,"column":8},"end":{"line":307,"column":11}},"128":{"start":{"line":313,"column":0},"end":{"line":349,"column":1}},"129":{"start":{"line":314,"column":29},"end":{"line":314,"column":39}},"130":{"start":{"line":315,"column":37},"end":{"line":315,"column":45}},"131":{"start":{"line":316,"column":4},"end":{"line":348,"column":5}},"132":{"start":{"line":317,"column":21},"end":{"line":333,"column":10}},"133":{"start":{"line":335,"column":8},"end":{"line":338,"column":11}},"134":{"start":{"line":342,"column":8},"end":{"line":347,"column":11}},"135":{"start":{"line":352,"column":0},"end":{"line":389,"column":1}},"136":{"start":{"line":353,"column":29},"end":{"line":353,"column":39}},"137":{"start":{"line":354,"column":37},"end":{"line":354,"column":45}},"138":{"start":{"line":355,"column":4},"end":{"line":388,"column":5}},"139":{"start":{"line":356,"column":21},"end":{"line":372,"column":10}},"140":{"start":{"line":374,"column":8},"end":{"line":377,"column":11}},"141":{"start":{"line":381,"column":8},"end":{"line":381,"column":27}},"142":{"start":{"line":382,"column":8},"end":{"line":387,"column":11}},"143":{"start":{"line":392,"column":0},"end":{"line":440,"column":1}},"144":{"start":{"line":393,"column":25},"end":{"line":393,"column":35}},"145":{"start":{"line":394,"column":37},"end":{"line":394,"column":45}},"146":{"start":{"line":396,"column":4},"end":{"line":438,"column":5}},"147":{"start":{"line":397,"column":21},"end":{"line":423,"column":10}},"148":{"start":{"line":425,"column":8},"end":{"line":428,"column":11}},"149":{"start":{"line":431,"column":8},"end":{"line":436,"column":11}},"150":{"start":{"line":442,"column":0},"end":{"line":483,"column":1}},"151":{"start":{"line":443,"column":25},"end":{"line":443,"column":35}},"152":{"start":{"line":444,"column":37},"end":{"line":444,"column":45}},"153":{"start":{"line":445,"column":4},"end":{"line":482,"column":5}},"154":{"start":{"line":446,"column":21},"end":{"line":467,"column":10}},"155":{"start":{"line":469,"column":8},"end":{"line":472,"column":11}},"156":{"start":{"line":475,"column":8},"end":{"line":480,"column":11}},"157":{"start":{"line":485,"column":0},"end":{"line":540,"column":1}},"158":{"start":{"line":486,"column":25},"end":{"line":486,"column":35}},"159":{"start":{"line":487,"column":37},"end":{"line":487,"column":45}},"160":{"start":{"line":488,"column":4},"end":{"line":539,"column":5}},"161":{"start":{"line":489,"column":21},"end":{"line":524,"column":10}},"162":{"start":{"line":526,"column":8},"end":{"line":529,"column":11}},"163":{"start":{"line":532,"column":8},"end":{"line":537,"column":11}},"164":{"start":{"line":542,"column":0},"end":{"line":542,"column":28}}},"fnMap":{"0":{"name":"(anonymous_0)","decl":{"start":{"line":12,"column":21},"end":{"line":12,"column":22}},"loc":{"start":{"line":12,"column":47},"end":{"line":35,"column":1}},"line":12},"1":{"name":"(anonymous_1)","decl":{"start":{"line":37,"column":20},"end":{"line":37,"column":21}},"loc":{"start":{"line":37,"column":45},"end":{"line":58,"column":1}},"line":37},"2":{"name":"(anonymous_2)","decl":{"start":{"line":61,"column":22},"end":{"line":61,"column":23}},"loc":{"start":{"line":61,"column":48},"end":{"line":193,"column":1}},"line":61},"3":{"name":"(anonymous_3)","decl":{"start":{"line":195,"column":21},"end":{"line":195,"column":22}},"loc":{"start":{"line":195,"column":47},"end":{"line":277,"column":1}},"line":195},"4":{"name":"(anonymous_4)","decl":{"start":{"line":279,"column":24},"end":{"line":279,"column":25}},"loc":{"start":{"line":279,"column":50},"end":{"line":309,"column":1}},"line":279},"5":{"name":"(anonymous_5)","decl":{"start":{"line":313,"column":34},"end":{"line":313,"column":35}},"loc":{"start":{"line":313,"column":60},"end":{"line":349,"column":1}},"line":313},"6":{"name":"(anonymous_6)","decl":{"start":{"line":352,"column":40},"end":{"line":352,"column":41}},"loc":{"start":{"line":352,"column":66},"end":{"line":389,
[...]
:439,"column":25},"end":{"line":439,"column":56}}],"line":439},"52":{"loc":{"start":{"line":452,"column":2},"end":{"line":454,"column":3}},"type":"if","locations":[{"start":{"line":452,"column":2},"end":{"line":454,"column":3}},{"start":{"line":452,"column":2},"end":{"line":454,"column":3}}],"line":452},"53":{"loc":{"start":{"line":452,"column":5},"end":{"line":452,"column":78}},"type":"binary-expr","locations":[{"start":{"line":452,"column":5},"end":{"line":452,"column":13}},{"start":{"line":452,"column":17},"end":{"line":452,"column":56}},{"start":{"line":452,"column":60},"end":{"line":452,"column":78}}],"line":452},"54":{"loc":{"start":{"line":468,"column":2},"end":{"line":470,"column":3}},"type":"if","locations":[{"start":{"line":468,"column":2},"end":{"line":470,"column":3}},{"start":{"line":468,"column":2},"end":{"line":470,"column":3}}],"line":468},"55":{"loc":{"start":{"line":468,"column":5},"end":{"line":468,"column":31}},"type":"binary-expr","locations":[{"start":{"line":468,"column":5},"end":{"line":468,"column":13}},{"start":{"line":468,"column":17},"end":{"line":468,"column":31}}],"line":468}},"s":{"0":1,"1":1,"2":1,"3":1,"4":1,"5":1,"6":1,"7":1,"8":1,"9":1,"10":0,"11":0,"12":1,"13":0,"14":0,"15":0,"16":0,"17":0,"18":0,"19":0,"20":0,"21":0,"22":0,"23":0,"24":0,"25":0,"26":0,"27":0,"28":0,"29":0,"30":0,"31":0,"32":0,"33":0,"34":0,"35":0,"36":0,"37":0,"38":0,"39":0,"40":0,"41":0,"42":0,"43":0,"44":0,"45":0,"46":0,"47":0,"48":0,"49":0,"50":0,"51":0,"52":0,"53":0,"54":0,"55":0,"56":0,"57":0,"58":0,"59":0,"60":0,"61":0,"62":0,"63":0,"64":0,"65":0,"66":0,"67":0,"68":0,"69":0,"70":0,"71":0,"72":0,"73":0,"74":0,"75":0,"76":0,"77":0,"78":0,"79":0,"80":0,"81":0,"82":0,"83":0,"84":0,"85":0,"86":0,"87":0,"88":0,"89":0,"90":0,"91":0,"92":0,"93":0,"94":0,"95":0,"96":0,"97":0,"98":0,"99":0,"100":0,"101":0,"102":0,"103":0,"104":0,"105":0,"106":0,"107":0,"108":1,"109":0,"110":0,"111":0,"112":0,"113":0,"114":0,"115":0,"116":0,"117":0,"118":0,"119":0,"120":0,"121":0,"122":0,"123":0,"124":0,"125":0,"126":0,"127":0,"128":0,"129":0,"130":0,"131":0,"132":0,"133":0,"134":0,"135":0,"136":0,"137":0,"138":0,"139":0,"140":0,"141":0,"142":0,"143":0,"144":0,"145":0,"146":0,"147":0,"148":0,"149":0,"150":0,"151":0,"152":0,"153":0,"154":0,"155":0,"156":0,"157":0,"158":0,"159":0,"160":0,"161":0,"162":0,"163":0,"164":0,"165":0,"166":0,"167":0,"168":0,"169":0,"170":0,"171":0,"172":0,"173":0,"174":0,"175":0,"176":0,"177":0,"178":0,"179":0,"180":0,"181":0,"182":0,"183":0,"184":0,"185":0,"186":0,"187":0,"188":0,"189":0,"190":0,"191":0,"192":0,"193":0,"194":0,"195":0,"196":0,"197":0,"198":0,"199":0,"200":0,"201":1,"202":0,"203":0,"204":0,"205":0,"206":0,"207":0,"208":0,"209":0,"210":1},"f":{"0":1,"1":0,"2":0,"3":0,"4":0},"b":{"0":[0,0],"1":[0,0],"2":[0,0],"3":[0,0],"4":[0,0],"5":[0,0],"6":[0,0],"7":[0,0],"8":[0,0],"9":[0,0],"10":[0,0],"11":[0,0],"12":[0,0],"13":[0,0],"14":[0,0],"15":[0,0],"16":[0,0],"17":[0,0],"18":[0,0],"19":[0,0],"20":[0,0],"21":[0,0],"22":[0,0],"23":[0,0],"24":[0,0],"25":[0,0],"26":[0,0],"27":[0,0],"28":[0,0],"29":[0,0],"30":[0,0],"31":[0,0],"32":[0,0],"33":[0,0],"34":[0,0],"35":[0,0],"36":[0,0],"37":[0,0],"38":[0,0],"39":[0,0],"40":[0,0],"41":[0,0],"42":[0,0],"43":[0,0],"44":[0,0],"45":[0,0],"46":[0,0],"47":[0,0],"48":[0,0],"49":[0,0],"50":[0,0],"51":[0,0],"52":[0,0],"53":[0,0,0],"54":[0,0],"55":[0,0]},"_coverageSchema":"1a1c01bbd47fc00a2c39e90264f33305004495a9","hash":"68cfbe67ac1f34a1595f92e9bf22b9b8284ea7d9"}
,"/app/modules/user/user.model.js": {"path":"/app/modules/user/user.model.js","statementMap":{"0":{"start":{"line":2,"column":15},"end":{"line":2,"column":32}},"1":{"start":{"line":5,"column":20},"end":{"line":5,"column":22}},"2":{"start":{"line":6,"column":21},"end":{"line":6,"column":40}},"3":{"start":{"line":7,"column":1},"end":{"line":7,"column":49}},"4":{"start":{"line":10,"column":40},"end":{"line":10,"column":76}},"5":{"start":{"line":12,"column":0},"end":{"line":284,"column":2}},"6":{"start":{"line":14,"column":18},"end":{"line":14,"column":77}},"7":{"start":{"line":15,"column":17},"end":{"line":15,"column":74}},"8":{"start":{"line":17,"column":14},"end":{"line":113,"column":3}},"9":{"start":{"line":108,"column":4},"end":{"line":108,"column":58}},"10":{"start":{"line":116,"column":1},"end":{"line":173,"column":3}},"11":{"start":{"line":118,"column":2},"end":{"line":122,"column":4}},"12":{"start":{"line":175,"column":1},"end":{"line":184,"column":2}},"13":{"start":{"line":176,"column":2},"end":{"line":178,"column":3}},"14":{"start":{"line":177,"column":3},"end":{"line":177,"column":42}},"15":{"start":{"line":179,"column":2},"end":{"line":183,"column":4}},"16":{"start":{"line":186,"column":1},"end":{"line":192,"column":2}},"17":{"start":{"line":187,"column":2},"end":{"line":189,"column":3}},"18":{"start":{"line":188,"column":3},"end":{"line":188,"column":44}},"19":{"start":{"line":190,"column":2},"end":{"line":191,"column":52}},"20":{"start":{"line":194,"column":1},"end":{"line":200,"column":2}},"21":{"start":{"line":195,"column":2},"end":{"line":197,"column":3}},"22":{"start":{"line":196,"column":3},"end":{"line":196,"column":43}},"23":{"start":{"line":198,"column":2},"end":{"line":199,"column":52}},"24":{"start":{"line":202,"column":1},"end":{"line":207,"column":2}},"25":{"start":{"line":203,"column":2},"end":{"line":205,"column":3}},"26":{"start":{"line":204,"column":3},"end":{"line":204,"column":47}},"27":{"start":{"line":206,"column":2},"end":{"line":206,"column":29}},"28":{"start":{"line":209,"column":1},"end":{"line":214,"column":2}},"29":{"start":{"line":210,"column":2},"end":{"line":212,"column":3}},"30":{"start":{"line":211,"column":3},"end":{"line":211,"column":40}},"31":{"start":{"line":213,"column":2},"end":{"line":213,"column":54}},"32":{"start":{"line":216,"column":1},"end":{"line":221,"column":2}},"33":{"start":{"line":217,"column":2},"end":{"line":219,"column":3}},"34":{"start":{"line":218,"column":3},"end":{"line":218,"column":44}},"35":{"start":{"line":220,"column":2},"end":{"line":220,"column":57}},"36":{"start":{"line":223,"column":1},"end":{"line":225,"column":2}},"37":{"start":{"line":224,"column":2},"end":{"line":224,"column":68}},"38":{"start":{"line":227,"column":1},"end":{"line":230,"column":2}},"39":{"start":{"line":228,"column":16},"end":{"line":228,"column":33}},"40":{"start":{"line":229,"column":2},"end":{"line":229,"column":27}},"41":{"start":{"line":232,"column":1},"end":{"line":250,"column":2}},"42":{"start":{"line":233,"column":16},"end":{"line":233,"column":31}},"43":{"start":{"line":234,"column":2},"end":{"line":236,"column":3}},"44":{"start":{"line":235,"column":3},"end":{"line":235,"column":42}},"45":{"start":{"line":237,"column":2},"end":{"line":239,"column":3}},"46":{"start":{"line":238,"column":3},"end":{"line":238,"column":53}},"47":{"start":{"line":240,"column":2},"end":{"line":249,"column":3}},"48":{"start":{"line":241,"column":16},"end":{"line":244,"column":5}},"49":{"start":{"line":245,"column":3},"end":{"line":245,"column":16}},"50":{"start":{"line":247,"column":3},"end":{"line":247,"column":27}},"51":{"start":{"line":248,"column":3},"end":{"line":248,"column":38}},"52":{"start":{"line":252,"column":1},"end":{"line":268,"column":2}},"53":{"start":{"line":253,"column":2},"end":{"line":255,"column":3}},"54":{"start":{"line":254,"column":3},"end":{"line":254,"column":39}},"55":{"start":{"line":256,"column":2},"end":{"line":258,"column":3}},"56":{"start":{"line":257,"column":3},"end":{"line":257,"column":50}},"57":{"start":{"line":259,"column":2},"end":{"line":267,"column":3}},"58":{"start":{"line":260,"column":16},"end":{"line":263,"column":5}},"59":{"start":{"line":264,"column":3},"end":{"line":264,"column":16}},"60":{"start":{"line":266,"column":3},"end":{"line":266,"column":38}},"61":{"start":{"line":270,"column":1},"end":{"line":277,"column":2}},"62":{"start":{"line":271,"column":2},"end":{"line":273,"column":3}},"63":{"start":{"line":272,"column":3},"end":{"line":272,"column":42}},"64":{"start":{"line":274,"column":17},"end":{"line":274,"column":34}},"65":{"start":{"line":275,"column":17},"end":{"line":275,"column":28}},"66":{"start":{"line":276,"column":2},"end":{"line":276,"column":50}},"67":{"start":{"line":279,"column":1},"end":{"line":281,"column":2}},"68":{"start":{"line":280,"column":2},"end":{"line":280,"column":53}},"69":{"start":{"line":283,"column":1},"end":{"line":283,"column":13}}},"fnMap":{"0":{"name":"encrypt_password","decl":{"start":{"line":4,"column":9},"end":{"line":4,"column":25}},"loc":{"start":{"line":4,"column":36},"end":{"line":8,"column":1}},"line":4},"1":{"name":"(anonymous_1)","decl":{"start":{"line":12,"column":17},"end":{"line":12,"column":18}},"loc":{"start":{"line":12,"column":43},"end":{"line":284,"column":1}},"line":12},"2":{"name":"(anonymous_2)","decl":{"start":{"line":107,"column":3},"end":{"line":107,"column":4}},"loc":{"start":{"line":107,"column":14},"end":{"line":109,"column":4}},"line":107},"3":{"name":"(anonymous_3)","decl":{"start":{"line":116,"column":18},"end":{"line":116,"column":19}},"loc":{"start":{"line":116,"column":36},"end":{"line":173,"column":2}},"line":116},"4":{"name":"(anonymous_4)","decl":{"start":{"line":175,"column":23},"end":{"line":175,"column":24}},"loc":{"start":{"line":175,"column":43},"end":{"line":184,"column":2}},"line":175},"5":{"name":"(anonymous_5)","decl":{"start":{"line":186,"column":26},"end":{"line":186,"column":27}},"loc":{"start":{"line":186,"column":43},"end":{"line":192,"column":2}},"line":186},"6":{"name":"(anonymous_6)","decl":{"start":{"line":194,"column":25},"end":{"line":194,"column":26}},"loc":{"start":{"line":194,"column":42},"end":{"line":200,"column":2}},"line":194},"7":{"name":"(anonymous_7)","decl":{"start":{"line":202,"column":26},"end":{"line":202,"column":27}},"loc":{"start":{"line":202,"column":43},"end":{"line":207,"column":2}},"line":202},"8":{"name":"(anonymous_8)","decl":{"start":{"line":209,"column":23},"end":{"line":209,"column":24}},"loc":{"start":{"line":209,"column":40},"end":{"line":214,"column":2}},"line":209},"9":{"name":"(anonymous_9)","decl":{"start":{"line":216,"column":27},"end":{"line":216,"column":28}},"loc":{"start":{"line":216,"column":44},"end":{"line":221,"column":2}},"line":216},"10":{"name":"(anonymous_10)","decl":{"start":{"line":223,"column":29},"end":{"line":223,"column":30}},"loc":{"start":{"line":223,"column":46},"end":{"line":225,"column":2}},"line":223},"11":{"name":"(anonymous_11)","decl":{"start":{"line":227,"column":24},"end":{"line":227,"column":25}},"loc":{"start":{"line":227,"column":41},"end":{"line":230,"column":2}},"line":227},"12":{"name":"(anonymous_12)","decl":{"start":{"line":232,"column":25},"end":{"line":232,"column":26}},"loc":{"start":{"line":232,"column":48},"end":{"line":250,"column":2}},"line":232},"13":{"name":"(anonymous_13)","decl":{"start":{"line":252,"column":22},"end":{"line":252,"column":23}},"loc":{"start":{"line":252,"column":45},"end":{"line":268,"column":2}},"line":252},"14":{"name":"(anonymous_14)","decl":{"start":{"line":270,"column":25},"end":{"line":270,"column":26}},"loc":{"start":{"line":270,"column":42},"end":{"line":277,"column":2}},"line":270},"15":{"name":"(anonymous_15)","decl":{"start":{"line":279,"column":35},"end":{"line":279,"column":36}},"loc":{"start":{"line":279,"column":55},"end":{"line":281,"column":2}},"line":279}},"branchMap":{"0":{"loc":{"start":{"line":6,"column":21},"end":{"line":6,"column":40}},"type":"binary-expr","locations":[{"start":{"line":6,"column":21},"end":{"line":6,"column":29}},{"start":{"line":6,"column":33},"end":{"line":6,"column":40}}],"line":6},"1":{"loc":{"start":{"line":176,"column":2},"end":{"line":178,"column":3}},"type":"if","locations":[{"start":{"line":176,"column":2},"end":{"line":178,"column":3}},{"start":{"line":176,"column":2},"end":{"line":178,"column":3}}],"line":176},"2":{"loc":{"start":{"line":187,"column":2},"end":{"line":189,"column":3}},"type":"if","locations":[{"start":{"line":187,"column":2},"end":{"line":189,"column":3}},{"start":{"line":187,"column":2},"end":{"line":189,"column":3}}],"line":187},"3":{"loc":{"start":{"line":190,"column":9},"end":{"line":191,"column":51}},"type":"binary-expr","locations":[{"start":{"line":190,"column":9},"end":{"line":190,"column":35}},{"start":{"line":191,"column":3},"end":{"line":191,"column":51}}],"line":190},"4":{"loc":{"start":{"line":195,"column":2},"end":{"line":197,"column":3}},"type":"if","locations":[{"start":{"line":195,"column":2},"end":{"line":197,"column":3}},{"start":{"line":195,"column":2},"end":{"line":197,"column":3}}],"line":195},"5":{"loc":{"start":{"line":198,"column":9},"end":{"line":199,"column":51}},"type":"binary-expr","locations":[{"start":{"line":198,"column":9},"end":{"line":198,"column":35}},{"start":{"line":199,"column":3},"end":{"line":199,"column":51}}],"line":198},"6":{"loc":{"start":{"line":203,"column":2},"end":{"line":205,"column":3}},"type":"if","locations":[{"start":{"line":203,"column":2},"end":{"line":205,"column":3}},{"start":{"line":203,"column":2},"end":{"line":205,"column":3}}],"line":203},"7":{"loc":{"start":{"line":210,"column":2},"end":{"line":212,"column":3}},"type":"if","locations":[{"start":{"line":210,"column":2},"end":{"line":212,"column":3}},{"start":{"line":210,"column":2},"end":{"line":212,"column":3}}],"line":210},"8":{"loc":{"start":{"line":217,"column":2},"end":{"line":219,"column":3}},"type":"if","locations":[{"start":{"line":217,"column":2},"end":{"line":219,"column":3}},{"start":{"line":217,"column":2},"end":{"line":219,"column":3}}],"line":217},"9":{"loc":{"start":{"line":220,"column":9},"end":{"line":220,"column":56}},"type":"binary-expr","locations":[{"start":{"line":220,"column":9},"end":{"line":220,"column":35}},{"start":{"line":220,"column":39},"end":{"line":220,"column":56}}],"line":220},"10":{"loc":{"start":{"line":224,"column":9},"end":{"line":224,"column":67}},"type":"binary-expr","locations":[{"start":{"line":224,"column":9},"end":{"line":224,"column":16}},{"start":{"line":224,"column":20},"end":{"line":224,"column":46}},{"start":{"line":224,"column":50},"end":{"line":224,"column":67}}],"line":224},"11":{"loc":{"start":{"line":234,"column":2},"end":{"line":236,"column":3}},"type":"if","locations":[{"start":{"line":234,"column":2},"end":{"line":236,"column":3}},{"start":{"line":234,"column":2},"end":{"line":236,"column":3}}],"line":234},"12":{"loc":{"start":{"line":237,"column":2},"end":{"line":239,"column":3}},"type":"if","locations":[{"start":{"line":237,"column":2},"end":{"line":239,"column":3}},{"start":{"line":237,"column":2},"end":{"line":239,"column":3}}],"line":237},"13":{"loc":{"start":{"line":253,"column":2},"end":{"line":255,"column":3}},"type":"if","locations":[{"start":{"line":253,"column":2},"end":{"line":255,"column":3}},{"start":{"line":253,"column":2},"end":{"line":255,"column":3}}],"line":253},"14":{"loc":{"start":{"line":256,"column":2},"end":{"line":258,"column":3}},"type":"if","locations":[{"start":{"line":256,"column":2},"end":{"line":258,"column":3}},{"start":{"line":256,"column":2},"end":{"line":258,"column":3}}],"line":256},"15":{"loc":{"start":{"line":271,"column":2},"end":{"line":273,"column":3}},"type":"if","locations":[{"start":{"line":271,"column":2},"end":{"line":273,"column":3}},{"start":{"line":271,"column":2},"end":{"line":273,"column":3}}],"line":271},"16":{"loc":{"start":{"line":276,"column":9},"end":{"line":276,"column":49}},"type":"binary-expr","locations":[{"start":{"line":276,"column":9},"end":{"line":276,"column":27}},{"start":{"line":276,"column":31},"end":{"line":276,"column":49}}],"line":276}},"s":{"0":1,"1":0,"2":0,"3":0,"4":1,"5":1,"6":2,"7":2,"8":2,"9":0,"10":2,"11":1,"12":2,"13":0,"14":0,"15":0,"16":2,"17":0,"18":0,"19":0,"20":2,"21":0,"22":0,"23":0,"24":2,"25":0,"26":0,"27":0,"28":2,"29":0,"30":0,"31":0,"32":2,"33":0,"34":0,"35":0,"36":2,"37":0,"38":2,"39":0,"40":0,"41":2,"42":0,"43":0,"44":0,"45":0,"46":0,"47":0,"48":0,"49":0,"50":0,"51":0,"52":2,"53":0,"54":0,"55":0,"56":0,"57":0,"58":0,"59":0,"60":0,"61":2,"62":0,"63":0,"64":0,"65":0,"66":0,"67":2,"68":3,"69":2},"f":{"0":0,"1":2,"2":0,"3":1,"4":0,"5":0,"6":0,"7":0,"8":0,"9":0,"10":0,"11":0,"12":0,"13":0,"14":0,"15":3},"b":{"0":[0,0],"1":[0,0],"2":[0,0],"3":[0,0],"4":[0,0],"5":[0,0],"6":[0,0],"7":[0,0],"8":[0,0],"9":[0,0],"10":[0,0,0],"11":[0,0],"12":[0,0],"13":[0,0],"14":[0,0],"15":[0,0],"16":[0,0]},"_coverageSchema":"1a1c01bbd47fc00a2c39e90264f33305004495a9","hash":"4bb5ce75397eb2f2af2c0f748dd69d040ac516a7"}
,"/app/modules/user/user.router.js": {"path":"/app/modules/user/user.router.js","statementMap":{"0":{"start":{"line":3,"column":15},"end":{"line":3,"column":42}},"1":{"start":{"line":4,"column":23},"end":{"line":4,"column":51}},"2":{"start":{"line":5,"column":17},"end":{"line":5,"column":47}},"3":{"start":{"line":7,"column":0},"end":{"line":10,"column":3}},"4":{"start":{"line":9,"column":2},"end":{"line":9,"column":9}},"5":{"start":{"line":17,"column":0},"end":{"line":20,"column":3}},"6":{"start":{"line":19,"column":2},"end":{"line":19,"column":49}},"7":{"start":{"line":22,"column":0},"end":{"line":25,"column":3}},"8":{"start":{"line":24,"column":2},"end":{"line":24,"column":50}},"9":{"start":{"line":27,"column":0},"end":{"line":30,"column":3}},"10":{"start":{"line":29,"column":2},"end":{"line":29,"column":49}},"11":{"start":{"line":32,"column":0},"end":{"line":35,"column":3}},"12":{"start":{"line":34,"column":2},"end":{"line":34,"column":52}},"13":{"start":{"line":37,"column":0},"end":{"line":37,"column":24}}},"fnMap":{"0":{"name":"(anonymous_0)","decl":{"start":{"line":7,"column":11},"end":{"line":7,"column":12}},"loc":{"start":{"line":7,"column":31},"end":{"line":10,"column":1}},"line":7},"1":{"name":"(anonymous_1)","decl":{"start":{"line":17,"column":19},"end":{"line":17,"column":20}},"loc":{"start":{"line":17,"column":37},"end":{"line":20,"column":1}},"line":17},"2":{"name":"(anonymous_2)","decl":{"start":{"line":22,"column":16},"end":{"line":22,"column":17}},"loc":{"start":{"line":22,"column":30},"end":{"line":25,"column":1}},"line":22},"3":{"name":"(anonymous_3)","decl":{"start":{"line":27,"column":19},"end":{"line":27,"column":20}},"loc":{"start":{"line":27,"column":33},"end":{"line":30,"column":1}},"line":27},"4":{"name":"(anonymous_4)","decl":{"start":{"line":32,"column":21},"end":{"line":32,"column":22}},"loc":{"start":{"line":32,"column":35},"end":{"line":35,"column":1}},"line":32}},"branchMap":{},"s":{"0":1,"1":1,"2":1,"3":1,"4":1,"5":1,"6":1,"7":1,"8":0,"9":1,"10":0,"11":1,"12":0,"13":1},"f":{"0":1,"1":1,"2":0,"3":0,"4":0},"b":{},"_coverageSchema":"1a1c01bbd47fc00a2c39e90264f33305004495a9","hash":"de62ae67c4bd2d6d67991db25513567e2e4b2206"}
,"/app/modules/userCommunity/userCommunity.model.js": {"path":"/app/modules/userCommunity/userCommunity.model.js","statementMap":{"0":{"start":{"line":2,"column":18},"end":{"line":2,"column":38}},"1":{"start":{"line":4,"column":0},"end":{"line":60,"column":1}},"2":{"start":{"line":5,"column":17},"end":{"line":5,"column":68}},"3":{"start":{"line":7,"column":4},"end":{"line":40,"column":6}},"4":{"start":{"line":42,"column":4},"end":{"line":57,"column":5}},"5":{"start":{"line":43,"column":8},"end":{"line":46,"column":10}},"6":{"start":{"line":48,"column":8},"end":{"line":51,"column":11}},"7":{"start":{"line":53,"column":8},"end":{"line":56,"column":11}},"8":{"start":{"line":59,"column":4},"end":{"line":59,"column":25}}},"fnMap":{"0":{"name":"(anonymous_0)","decl":{"start":{"line":4,"column":17},"end":{"line":4,"column":18}},"loc":{"start":{"line":4,"column":43},"end":{"line":60,"column":1}},"line":4},"1":{"name":"(anonymous_1)","decl":{"start":{"line":42,"column":30},"end":{"line":42,"column":31}},"loc":{"start":{"line":42,"column":46},"end":{"line":57,"column":5}},"line":42}},"branchMap":{},"s":{"0":1,"1":1,"2":1,"3":1,"4":1,"5":1,"6":1,"7":1,"8":1},"f":{"0":1,"1":1},"b":{},"_coverageSchema":"1a1c01bbd47fc00a2c39e90264f33305004495a9","hash":"c6d3f6ff07dd8dc07ee4e1ec8b6ed9769433c242"}
}
