TN:
SF:app.js
FNF:0
FNH:0
DA:1,1
DA:2,1
DA:3,1
DA:4,1
DA:5,1
DA:6,1
DA:7,1
DA:10,1
DA:12,1
DA:14,1
DA:15,1
DA:16,1
DA:17,1
DA:18,1
DA:21,1
DA:22,1
DA:26,1
DA:27,1
DA:28,1
DA:29,1
DA:30,1
DA:32,1
DA:34,1
LF:23
LH:23
BRDA:21,0,0,1
BRDA:21,0,1,1
BRF:2
BRH:2
end_of_record
TN:
SF:models.js
FN:23,(anonymous_0)
FN:31,(anonymous_1)
FN:41,(anonymous_2)
FNF:3
FNH:2
FNDA:0,(anonymous_0)
FNDA:52,(anonymous_1)
FNDA:8,(anonymous_2)
DA:3,1
DA:4,1
DA:5,1
DA:6,1
DA:7,1
DA:8,1
DA:10,1
DA:12,1
DA:13,0
DA:15,1
DA:23,1
DA:24,0
DA:25,0
DA:29,1
DA:32,52
DA:33,9
DA:34,9
DA:35,8
DA:36,8
DA:41,1
DA:42,8
DA:43,6
DA:47,1
DA:48,1
DA:50,1
LF:25
LH:22
BRDA:6,0,0,1
BRDA:6,0,1,0
BRDA:12,1,0,0
BRDA:12,1,1,1
BRDA:24,2,0,0
BRDA:24,2,1,0
BRDA:32,3,0,9
BRDA:32,3,1,43
BRDA:34,4,0,8
BRDA:34,4,1,1
BRDA:42,5,0,6
BRDA:42,5,1,2
BRF:12
BRH:8
end_of_record
TN:
SF:routes.js
FN:7,(anonymous_0)
FNF:1
FNH:1
FNDA:52,(anonymous_0)
DA:1,1
DA:2,1
DA:3,1
DA:5,1
DA:8,52
DA:9,9
DA:10,9
DA:11,8
DA:12,8
DA:17,1
LF:10
LH:10
BRDA:8,0,0,9
BRDA:8,0,1,43
BRDA:10,1,0,8
BRDA:10,1,1,1
BRF:4
BRH:4
end_of_record
TN:
SF:config/config.js
FNF:0
FNH:0
DA:1,1
LF:1
LH:1
BRF:0
BRH:0
end_of_record
TN:
SF:helpers/archive.js
FN:17,(anonymous_0)
FN:29,(anonymous_1)
FN:37,(anonymous_2)
FN:44,(anonymous_3)
FN:48,(anonymous_4)
FN:55,(anonymous_5)
FN:64,(anonymous_6)
FNF:7
FNH:0
FNDA:0,(anonymous_0)
FNDA:0,(anonymous_1)
FNDA:0,(anonymous_2)
FNDA:0,(anonymous_3)
FNDA:0,(anonymous_4)
FNDA:0,(anonymous_5)
FNDA:0,(anonymous_6)
DA:1,1
DA:2,1
DA:18,0
DA:19,0
DA:20,0
DA:21,0
DA:30,0
DA:38,0
DA:39,0
DA:41,0
DA:45,0
DA:49,0
DA:56,0
DA:57,0
DA:65,0
DA:69,1
LF:16
LH:3
BRDA:17,0,0,0
BRDA:56,1,0,0
BRDA:56,1,1,0
BRF:3
BRH:0
end_of_record
TN:
SF:helpers/base.controller.js
FN:6,base
FN:16,(anonymous_1)
FN:20,(anonymous_2)
FN:27,(anonymous_3)
FN:34,(anonymous_4)
FN:38,(anonymous_5)
FN:60,(anonymous_6)
FN:68,(anonymous_7)
FN:92,(anonymous_8)
FNF:9
FNH:1
FNDA:7,base
FNDA:0,(anonymous_1)
FNDA:0,(anonymous_2)
FNDA:0,(anonymous_3)
FNDA:0,(anonymous_4)
FNDA:0,(anonymous_5)
FNDA:0,(anonymous_6)
FNDA:0,(anonymous_7)
FNDA:0,(anonymous_8)
DA:3,1
DA:4,1
DA:8,7
DA:9,7
DA:11,7
DA:12,7
DA:16,1
DA:17,0
DA:20,1
DA:21,0
DA:22,0
DA:23,0
DA:27,1
DA:28,0
DA:29,0
DA:30,0
DA:34,1
DA:35,0
DA:38,1
DA:39,0
DA:40,0
DA:42,0
DA:43,0
DA:50,0
DA:51,0
DA:54,0
DA:55,0
DA:57,0
DA:60,1
DA:61,0
DA:65,0
DA:68,1
DA:69,0
DA:71,0
DA:72,0
DA:79,0
DA:81,0
DA:87,0
DA:92,1
DA:93,0
DA:98,0
DA:101,1
LF:42
LH:15
BRDA:11,0,0,7
BRDA:11,0,1,0
BRDA:11,1,0,7
BRDA:11,1,1,7
BRDA:22,2,0,0
BRDA:22,2,1,0
BRDA:29,3,0,0
BRDA:29,3,1,0
BRDA:40,4,0,0
BRDA:40,4,1,0
BRDA:50,5,0,0
BRDA:50,5,1,0
BRDA:54,6,0,0
BRDA:54,6,1,0
BRDA:71,7,0,0
BRDA:71,7,1,0
BRF:16
BRH:3
end_of_record
TN:
SF:helpers/utilities.js
FN:4,makeid
FN:15,(anonymous_1)
FN:21,(anonymous_2)
FN:29,(anonymous_3)
FN:38,(anonymous_4)
FN:45,(anonymous_5)
FN:50,(anonymous_6)
FN:52,(anonymous_7)
FN:58,(anonymous_8)
FN:60,(anonymous_9)
FN:71,(anonymous_10)
FN:80,(anonymous_11)
FN:93,(anonymous_12)
FN:102,(anonymous_13)
FN:108,(anonymous_14)
FN:112,findRelation
FN:126,cleanAttributes
FN:127,(anonymous_17)
FNF:18
FNH:0
FNDA:0,makeid
FNDA:0,(anonymous_1)
FNDA:0,(anonymous_2)
FNDA:0,(anonymous_3)
FNDA:0,(anonymous_4)
FNDA:0,(anonymous_5)
FNDA:0,(anonymous_6)
FNDA:0,(anonymous_7)
FNDA:0,(anonymous_8)
FNDA:0,(anonymous_9)
FNDA:0,(anonymous_10)
FNDA:0,(anonymous_11)
FNDA:0,(anonymous_12)
FNDA:0,(anonymous_13)
FNDA:0,(anonymous_14)
FNDA:0,findRelation
FNDA:0,cleanAttributes
FNDA:0,(anonymous_17)
DA:1,1
DA:2,1
DA:5,0
DA:6,0
DA:7,0
DA:8,0
DA:9,0
DA:11,0
DA:15,1
DA:16,0
DA:17,0
DA:21,1
DA:22,0
DA:23,0
DA:24,0
DA:25,0
DA:29,1
DA:30,0
DA:31,0
DA:32,0
DA:33,0
DA:38,1
DA:45,1
DA:46,0
DA:50,1
DA:52,1
DA:53,0
DA:58,1
DA:60,1
DA:61,0
DA:62,0
DA:63,0
DA:64,0
DA:65,0
DA:66,0
DA:67,0
DA:71,1
DA:73,0
DA:74,0
DA:75,0
DA:78,0
DA:80,0
DA:81,0
DA:85,0
DA:86,0
DA:88,0
DA:90,0
DA:93,1
DA:94,0
DA:95,0
DA:96,0
DA:97,0
DA:98,0
DA:102,1
DA:103,0
DA:108,1
DA:113,0
DA:114,0
DA:115,0
DA:116,0
DA:117,0
DA:118,0
DA:122,0
DA:127,0
DA:128,0
DA:129,0
DA:130,0
DA:132,0
DA:137,1
LF:69
LH:16
BRDA:63,0,0,0
BRDA:63,0,1,0
BRDA:71,1,0,0
BRDA:74,2,0,0
BRDA:74,2,1,0
BRDA:78,3,0,0
BRDA:78,3,1,0
BRDA:81,4,0,0
BRDA:81,4,1,0
BRDA:82,5,0,0
BRDA:82,5,1,0
BRDA:83,6,0,0
BRDA:83,6,1,0
BRDA:93,7,0,0
BRDA:94,8,0,0
BRDA:94,8,1,0
BRDA:108,9,0,0
BRDA:108,9,1,0
BRDA:113,10,0,0
BRDA:113,10,1,0
BRDA:115,11,0,0
BRDA:115,11,1,0
BRDA:115,12,0,0
BRDA:115,12,1,0
BRDA:117,13,0,0
BRDA:117,13,1,0
BRDA:117,14,0,0
BRDA:117,14,1,0
BRDA:129,15,0,0
BRDA:129,15,1,0
BRF:30
BRH:0
end_of_record
TN:
SF:helpers/validations.js
FN:6,(anonymous_0)
FN:16,(anonymous_1)
FN:20,(anonymous_2)
FNF:3
FNH:2
FNDA:3,(anonymous_0)
FNDA:3,(anonymous_1)
FNDA:0,(anonymous_2)
DA:6,1
DA:7,3
DA:8,3
DA:16,1
DA:17,3
DA:20,1
DA:21,0
DA:22,0
LF:8
LH:6
BRDA:17,0,0,3
BRDA:17,0,1,3
BRF:2
BRH:2
end_of_record
TN:
SF:http/error.js
FN:24,(anonymous_0)
FN:41,(anonymous_1)
FN:49,(anonymous_2)
FN:53,(anonymous_3)
FNF:4
FNH:1
FNDA:4,(anonymous_0)
FNDA:0,(anonymous_1)
FNDA:0,(anonymous_2)
FNDA:0,(anonymous_3)
DA:7,1
DA:25,4
DA:29,4
DA:33,4
DA:42,0
DA:50,0
DA:54,0
DA:59,1
LF:8
LH:5
BRDA:24,0,0,3
BRDA:25,1,0,4
BRDA:25,1,1,3
BRF:3
BRH:3
end_of_record
TN:
SF:http/index.js
FNF:0
FNH:0
DA:1,1
DA:2,1
LF:2
LH:2
BRF:0
BRH:0
end_of_record
TN:
SF:http/response.js
FN:29,(anonymous_0)
FN:43,(anonymous_1)
FN:51,(anonymous_2)
FN:84,(anonymous_3)
FNF:4
FNH:4
FNDA:9,(anonymous_0)
FNDA:5,(anonymous_1)
FNDA:8,(anonymous_2)
FNDA:3,(anonymous_3)
DA:3,1
DA:9,1
DA:33,9
DA:37,9
DA:44,5
DA:52,8
DA:53,0
DA:61,8
DA:62,3
DA:63,3
DA:72,5
DA:85,3
DA:86,0
DA:87,0
DA:88,0
DA:90,3
DA:94,1
LF:17
LH:13
BRDA:51,0,0,0
BRDA:52,1,0,0
BRDA:52,1,1,8
BRDA:61,2,0,3
BRDA:61,2,1,5
BRDA:85,3,0,0
BRDA:85,3,1,3
BRF:7
BRH:4
end_of_record
TN:
SF:middleware/auth.js
FN:13,(anonymous_0)
FNF:1
FNH:1
FNDA:3,(anonymous_0)
DA:1,1
DA:2,1
DA:3,1
DA:4,1
DA:13,1
DA:14,3
DA:15,3
DA:17,3
DA:18,0
DA:21,3
DA:22,0
DA:26,3
DA:27,0
DA:30,3
DA:31,0
DA:34,3
DA:36,3
DA:37,1
DA:40,2
DA:42,2
DA:43,0
DA:46,2
DA:47,2
DA:49,1
DA:50,1
DA:51,0
DA:53,1
DA:54,1
DA:56,1
DA:60,1
LF:30
LH:24
BRDA:17,0,0,0
BRDA:17,0,1,3
BRDA:21,1,0,0
BRDA:21,1,1,3
BRDA:26,2,0,0
BRDA:26,2,1,3
BRDA:30,3,0,0
BRDA:30,3,1,3
BRDA:30,4,0,3
BRDA:30,4,1,3
BRDA:34,5,0,3
BRDA:34,5,1,3
BRDA:36,6,0,1
BRDA:36,6,1,2
BRDA:42,7,0,0
BRDA:42,7,1,2
BRDA:50,8,0,0
BRDA:50,8,1,1
BRF:18
BRH:12
end_of_record
TN:
SF:modules/authorize/authorize.controller.js
FN:8,(anonymous_0)
FN:40,(anonymous_1)
FNF:2
FNH:1
FNDA:2,(anonymous_0)
FNDA:0,(anonymous_1)
DA:3,1
DA:4,1
DA:6,1
DA:8,1
DA:9,2
DA:11,2
DA:12,0
DA:13,0
DA:16,2
DA:17,2
DA:23,2
DA:24,1
DA:25,1
DA:28,1
DA:30,1
DA:33,0
DA:34,0
DA:35,0
DA:40,1
DA:41,0
DA:43,0
DA:44,0
DA:45,0
DA:48,0
DA:49,0
DA:55,0
DA:56,0
DA:57,0
DA:60,0
DA:61,0
DA:64,0
DA:65,0
DA:70,1
LF:33
LH:15
BRDA:9,0,0,2
BRDA:9,0,1,2
BRDA:11,1,0,0
BRDA:11,1,1,2
BRDA:23,2,0,1
BRDA:23,2,1,1
BRDA:43,3,0,0
BRDA:43,3,1,0
BRDA:43,4,0,0
BRDA:43,4,1,0
BRDA:55,5,0,0
BRDA:55,5,1,0
BRF:12
BRH:5
end_of_record
TN:
SF:modules/authorize/authorize.model.js
FN:4,(anonymous_0)
FN:36,(anonymous_1)
FN:44,(anonymous_2)
FNF:3
FNH:3
FNDA:1,(anonymous_0)
FNDA:1,(anonymous_1)
FNDA:4,(anonymous_2)
DA:2,1
DA:4,1
DA:7,1
DA:36,1
DA:38,1
DA:44,1
DA:45,4
DA:46,4
DA:48,4
DA:55,4
DA:61,1
LF:11
LH:11
BRF:0
BRH:0
end_of_record
TN:
SF:modules/authorize/authorize.router.js
FN:11,(anonymous_0)
FN:19,(anonymous_1)
FNF:2
FNH:1
FNDA:2,(anonymous_0)
FNDA:0,(anonymous_1)
DA:3,1
DA:4,1
DA:5,1
DA:11,1
DA:12,2
DA:19,1
DA:20,0
DA:24,1
LF:8
LH:7
BRF:0
BRH:0
end_of_record
TN:
SF:modules/community/community.controller.js
FN:14,llama
FN:30,(anonymous_1)
FN:74,(anonymous_2)
FN:107,(anonymous_3)
FN:129,(anonymous_4)
FN:135,(anonymous_5)
FN:145,(anonymous_6)
FNF:7
FNH:0
FNDA:0,llama
FNDA:0,(anonymous_1)
FNDA:0,(anonymous_2)
FNDA:0,(anonymous_3)
FNDA:0,(anonymous_4)
FNDA:0,(anonymous_5)
FNDA:0,(anonymous_6)
DA:3,1
DA:6,1
DA:7,1
DA:8,1
DA:10,1
DA:12,1
DA:18,0
DA:19,0
DA:21,0
DA:23,0
DA:26,0
DA:30,1
DA:32,0
DA:33,0
DA:34,0
DA:35,0
DA:36,0
DA:44,0
DA:64,0
DA:74,1
DA:76,0
DA:77,0
DA:78,0
DA:90,0
DA:91,0
DA:98,0
DA:107,1
DA:108,0
DA:109,0
DA:111,0
DA:130,0
DA:136,0
DA:145,1
DA:146,0
DA:147,0
DA:148,0
DA:149,0
DA:150,0
DA:156,0
DA:165,0
DA:174,1
LF:41
LH:11
BRDA:18,0,0,0
BRDA:18,0,1,0
BRDA:90,1,0,0
BRDA:90,1,1,0
BRDA:133,2,0,0
BRDA:133,2,1,0
BRDA:149,3,0,0
BRDA:149,3,1,0
BRF:8
BRH:0
end_of_record
TN:
SF:modules/community/community.model.js
FN:4,(anonymous_0)
FN:41,(anonymous_1)
FN:92,(anonymous_2)
FN:100,(anonymous_3)
FN:110,(anonymous_4)
FNF:5
FNH:2
FNDA:1,(anonymous_0)
FNDA:1,(anonymous_1)
FNDA:0,(anonymous_2)
FNDA:0,(anonymous_3)
FNDA:0,(anonymous_4)
DA:2,1
DA:4,1
DA:5,1
DA:41,1
DA:43,1
DA:54,1
DA:92,1
DA:93,0
DA:94,0
DA:96,0
DA:97,0
DA:101,0
DA:102,0
DA:104,0
DA:107,0
DA:111,0
DA:112,0
DA:114,0
DA:121,1
LF:19
LH:8
BRDA:93,0,0,0
BRDA:93,0,1,0
BRDA:101,1,0,0
BRDA:101,1,1,0
BRDA:111,2,0,0
BRDA:111,2,1,0
BRF:6
BRH:0
end_of_record
TN:
SF:modules/community/community.router.js
FN:7,(anonymous_0)
FN:12,(anonymous_1)
FN:17,(anonymous_2)
FN:22,(anonymous_3)
FN:27,(anonymous_4)
FNF:5
FNH:0
FNDA:0,(anonymous_0)
FNDA:0,(anonymous_1)
FNDA:0,(anonymous_2)
FNDA:0,(anonymous_3)
FNDA:0,(anonymous_4)
DA:3,1
DA:4,1
DA:5,1
DA:7,1
DA:9,0
DA:12,1
DA:14,0
DA:17,1
DA:19,0
DA:22,1
DA:24,0
DA:27,1
DA:29,0
DA:32,1
LF:14
LH:9
BRF:0
BRH:0
end_of_record
TN:
SF:modules/country/country.controller.js
FN:12,(anonymous_0)
FNF:1
FNH:0
FNDA:0,(anonymous_0)
DA:3,1
DA:4,1
DA:5,1
DA:7,1
DA:12,1
DA:13,0
DA:14,0
DA:15,0
DA:18,0
DA:19,0
DA:20,0
DA:24,1
LF:12
LH:6
BRF:0
BRH:0
end_of_record
TN:
SF:modules/country/country.model.js
FN:4,(anonymous_0)
FN:37,(anonymous_1)
FN:45,(anonymous_2)
FNF:3
FNH:1
FNDA:3,(anonymous_0)
FNDA:0,(anonymous_1)
FNDA:0,(anonymous_2)
DA:2,1
DA:4,1
DA:5,3
DA:6,3
DA:37,3
DA:38,0
DA:39,0
DA:41,0
DA:42,0
DA:45,3
DA:46,0
DA:47,0
DA:49,0
DA:56,3
LF:14
LH:7
BRDA:38,0,0,0
BRDA:38,0,1,0
BRDA:46,1,0,0
BRDA:46,1,1,0
BRF:4
BRH:0
end_of_record
TN:
SF:modules/country/country.router.js
FN:7,(anonymous_0)
FN:12,(anonymous_1)
FNF:2
FNH:0
FNDA:0,(anonymous_0)
FNDA:0,(anonymous_1)
DA:3,1
DA:4,1
DA:5,1
DA:7,1
DA:9,0
DA:12,1
DA:13,0
DA:17,1
LF:8
LH:6
BRF:0
BRH:0
end_of_record
TN:
SF:modules/event/event.controller.js
FN:12,(anonymous_0)
FN:37,(anonymous_1)
FN:61,(anonymous_2)
FN:195,(anonymous_3)
FN:279,(anonymous_4)
FN:313,(anonymous_5)
FN:352,(anonymous_6)
FN:392,(anonymous_7)
FN:442,(anonymous_8)
FN:485,(anonymous_9)
FNF:10
FNH:0
FNDA:0,(anonymous_0)
FNDA:0,(anonymous_1)
FNDA:0,(anonymous_2)
FNDA:0,(anonymous_3)
FNDA:0,(anonymous_4)
FNDA:0,(anonymous_5)
FNDA:0,(anonymous_6)
FNDA:0,(anonymous_7)
FNDA:0,(anonymous_8)
FNDA:0,(anonymous_9)
DA:3,1
DA:4,1
DA:5,1
DA:6,1
DA:7,1
DA:8,1
DA:9,1
DA:12,1
DA:14,0
DA:15,0
DA:16,0
DA:21,0
DA:22,0
DA:23,0
DA:27,0
DA:30,0
DA:31,0
DA:32,0
DA:37,1
DA:38,0
DA:40,0
DA:41,0
DA:42,0
DA:45,0
DA:46,0
DA:49,0
DA:50,0
DA:52,0
DA:54,0
DA:55,0
DA:61,1
DA:77,0
DA:79,0
DA:81,0
DA:95,0
DA:96,0
DA:97,0
DA:100,0
DA:103,0
DA:104,0
DA:105,0
DA:108,0
DA:111,0
DA:112,0
DA:113,0
DA:115,0
DA:116,0
DA:119,0
DA:122,0
DA:123,0
DA:124,0
DA:126,0
DA:127,0
DA:130,0
DA:133,0
DA:134,0
DA:135,0
DA:136,0
DA:137,0
DA:139,0
DA:141,0
DA:145,0
DA:146,0
DA:147,0
DA:148,0
DA:150,0
DA:152,0
DA:156,0
DA:157,0
DA:158,0
DA:159,0
DA:161,0
DA:163,0
DA:167,0
DA:168,0
DA:171,0
DA:172,0
DA:173,0
DA:174,0
DA:175,0
DA:176,0
DA:177,0
DA:178,0
DA:179,0
DA:183,0
DA:185,0
DA:186,0
DA:189,0
DA:190,0
DA:191,0
DA:195,1
DA:196,0
DA:197,0
DA:198,0
DA:200,0
DA:201,0
DA:209,0
DA:210,0
DA:218,0
DA:221,0
DA:222,0
DA:223,0
DA:224,0
DA:225,0
DA:227,0
DA:252,0
DA:253,0
DA:254,0
DA:255,0
DA:256,0
DA:262,0
DA:270,0
DA:279,1
DA:280,0
DA:281,0
DA:282,0
DA:285,0
DA:286,0
DA:287,0
DA:288,0
DA:294,0
DA:302,0
DA:313,1
DA:314,0
DA:315,0
DA:316,0
DA:317,0
DA:335,0
DA:342,0
DA:352,1
DA:353,0
DA:354,0
DA:355,0
DA:356,0
DA:374,0
DA:381,0
DA:382,0
DA:392,1
DA:393,0
DA:394,0
DA:396,0
DA:397,0
DA:425,0
DA:431,0
DA:442,1
DA:443,0
DA:444,0
DA:445,0
DA:446,0
DA:469,0
DA:475,0
DA:485,1
DA:486,0
DA:487,0
DA:488,0
DA:489,0
DA:526,0
DA:532,0
DA:542,1
LF:159
LH:18
BRDA:22,0,0,0
BRDA:22,0,1,0
BRDA:40,1,0,0
BRDA:40,1,1,0
BRDA:49,2,0,0
BRDA:49,2,1,0
BRDA:96,3,0,0
BRDA:96,3,1,0
BRDA:104,4,0,0
BRDA:104,4,1,0
BRDA:112,5,0,0
BRDA:112,5,1,0
BRDA:115,6,0,0
BRDA:115,6,1,0
BRDA:115,7,0,0
BRDA:115,7,1,0
BRDA:123,8,0,0
BRDA:123,8,1,0
BRDA:126,9,0,0
BRDA:126,9,1,0
BRDA:126,10,0,0
BRDA:126,10,1,0
BRDA:133,11,0,0
BRDA:133,11,1,0
BRDA:136,12,0,0
BRDA:136,12,1,0
BRDA:145,13,0,0
BRDA:145,13,1,0
BRDA:147,14,0,0
BRDA:147,14,1,0
BRDA:156,15,0,0
BRDA:156,15,1,0
BRDA:158,16,0,0
BRDA:158,16,1,0
BRDA:167,17,0,0
BRDA:167,17,1,0
BRDA:172,18,0,0
BRDA:172,18,1,0
BRDA:172,19,0,0
BRDA:172,19,1,0
BRDA:176,20,0,0
BRDA:176,20,1,0
BRDA:176,21,0,0
BRDA:176,21,1,0
BRDA:200,22,0,0
BRDA:200,22,1,0
BRDA:200,23,0,0
BRDA:200,23,1,0
BRDA:209,24,0,0
BRDA:209,24,1,0
BRDA:209,25,0,0
BRDA:209,25,1,0
BRDA:209,25,2,0
BRDA:209,25,3,0
BRDA:221,26,0,0
BRDA:221,26,1,0
BRDA:222,27,0,0
BRDA:222,27,1,0
BRDA:223,28,0,0
BRDA:223,28,1,0
BRDA:224,29,0,0
BRDA:224,29,1,0
BRDA:225,30,0,0
BRDA:225,30,1,0
BRDA:252,31,0,0
BRDA:252,31,1,0
BRDA:253,32,0,0
BRDA:253,32,1,0
BRDA:253,33,0,0
BRDA:253,33,1,0
BRDA:254,34,0,0
BRDA:254,34,1,0
BRDA:254,35,0,0
BRDA:254,35,1,0
BRDA:255,36,0,0
BRDA:255,36,1,0
BRDA:259,37,0,0
BRDA:259,37,1,0
BRDA:285,38,0,0
BRDA:285,38,1,0
BRDA:287,39,0,0
BRDA:287,39,1,0
BRF:82
BRH:0
end_of_record
TN:
SF:modules/event/event.model.js
FN:3,(anonymous_0)
FN:79,(anonymous_1)
FN:119,(anonymous_2)
FN:126,(anonymous_3)
FN:133,(anonymous_4)
FN:140,(anonymous_5)
FNF:6
FNH:2
FNDA:1,(anonymous_0)
FNDA:1,(anonymous_1)
FNDA:0,(anonymous_2)
FNDA:0,(anonymous_3)
FNDA:0,(anonymous_4)
FNDA:0,(anonymous_5)
DA:3,1
DA:4,1
DA:79,1
DA:83,1
DA:119,1
DA:120,0
DA:121,0
DA:123,0
DA:126,1
DA:127,0
DA:128,0
DA:130,0
DA:133,1
DA:134,0
DA:135,0
DA:137,0
DA:140,1
DA:141,0
DA:142,0
DA:144,0
DA:146,0
DA:149,1
LF:22
LH:9
BRDA:120,0,0,0
BRDA:120,0,1,0
BRDA:123,1,0,0
BRDA:123,1,1,0
BRDA:127,2,0,0
BRDA:127,2,1,0
BRDA:130,3,0,0
BRDA:130,3,1,0
BRDA:134,4,0,0
BRDA:134,4,1,0
BRDA:141,5,0,0
BRDA:141,5,1,0
BRF:12
BRH:0
end_of_record
TN:
SF:modules/event/event.router.js
FN:7,(anonymous_0)
FN:12,(anonymous_1)
FN:17,(anonymous_2)
FN:22,(anonymous_3)
FN:28,(anonymous_4)
FN:34,(anonymous_5)
FN:39,(anonymous_6)
FN:44,(anonymous_7)
FN:49,(anonymous_8)
FN:54,(anonymous_9)
FN:59,(anonymous_10)
FNF:11
FNH:0
FNDA:0,(anonymous_0)
FNDA:0,(anonymous_1)
FNDA:0,(anonymous_2)
FNDA:0,(anonymous_3)
FNDA:0,(anonymous_4)
FNDA:0,(anonymous_5)
FNDA:0,(anonymous_6)
FNDA:0,(anonymous_7)
FNDA:0,(anonymous_8)
FNDA:0,(anonymous_9)
FNDA:0,(anonymous_10)
DA:3,1
DA:4,1
DA:5,1
DA:7,1
DA:9,0
DA:12,1
DA:14,0
DA:17,1
DA:19,0
DA:22,1
DA:24,0
DA:28,1
DA:30,0
DA:34,1
DA:36,0
DA:39,1
DA:41,0
DA:44,1
DA:46,0
DA:49,1
DA:51,0
DA:54,1
DA:56,0
DA:59,1
DA:61,0
DA:64,1
LF:26
LH:15
BRF:0
BRH:0
end_of_record
TN:
SF:modules/language/language.controller.js
FN:13,(anonymous_0)
FNF:1
FNH:0
FNDA:0,(anonymous_0)
DA:3,1
DA:4,1
DA:6,1
DA:13,1
DA:14,0
DA:15,0
DA:16,0
DA:19,0
DA:20,0
DA:21,0
DA:25,1
LF:11
LH:5
BRF:0
BRH:0
end_of_record
TN:
SF:modules/language/language.model.js
FN:3,(anonymous_0)
FN:19,(anonymous_1)
FNF:2
FNH:1
FNDA:6,(anonymous_0)
FNDA:0,(anonymous_1)
DA:3,1
DA:4,6
DA:19,6
DA:20,0
DA:21,0
DA:23,0
DA:30,6
LF:7
LH:4
BRDA:20,0,0,0
BRDA:20,0,1,0
BRF:2
BRH:0
end_of_record
TN:
SF:modules/language/language.router.js
FN:8,(anonymous_0)
FN:13,(anonymous_1)
FNF:2
FNH:0
FNDA:0,(anonymous_0)
FNDA:0,(anonymous_1)
DA:3,1
DA:4,1
DA:5,1
DA:8,1
DA:10,0
DA:13,1
DA:14,0
DA:18,1
LF:8
LH:6
BRF:0
BRH:0
end_of_record
TN:
SF:modules/login/login.controller.js
FN:9,(anonymous_0)
FNF:1
FNH:1
FNDA:3,(anonymous_0)
DA:3,1
DA:5,1
DA:6,1
DA:7,1
DA:9,1
DA:11,3
DA:13,3
DA:14,0
DA:15,0
DA:18,3
DA:19,3
DA:28,3
DA:29,0
DA:30,0
DA:33,3
DA:34,0
DA:35,0
DA:38,3
DA:40,3
DA:46,3
DA:48,3
DA:50,3
DA:56,0
DA:57,0
DA:58,0
LF:25
LH:16
BRDA:13,0,0,0
BRDA:13,0,1,3
BRDA:13,1,0,3
BRDA:13,1,1,3
BRDA:13,1,2,3
BRDA:13,1,3,3
BRDA:28,2,0,0
BRDA:28,2,1,3
BRDA:33,3,0,0
BRDA:33,3,1,3
BRF:10
BRH:7
end_of_record
TN:
SF:modules/login/login.router.js
FN:8,(anonymous_0)
FNF:1
FNH:1
FNDA:3,(anonymous_0)
DA:3,1
DA:4,1
DA:5,1
DA:8,3
DA:10,1
LF:5
LH:5
BRF:0
BRH:0
end_of_record
TN:
SF:modules/membership/membership.controller.js
FN:13,(anonymous_0)
FN:15,(anonymous_1)
FN:18,(anonymous_2)
FNF:3
FNH:0
FNDA:0,(anonymous_0)
FNDA:0,(anonymous_1)
FNDA:0,(anonymous_2)
DA:3,1
DA:4,1
DA:6,1
DA:13,1
DA:14,0
DA:16,0
DA:19,0
DA:23,1
LF:8
LH:5
BRF:0
BRH:0
end_of_record
TN:
SF:modules/membership/membership.model.js
FN:5,(anonymous_0)
FN:50,(anonymous_1)
FNF:2
FNH:2
FNDA:1,(anonymous_0)
FNDA:1,(anonymous_1)
DA:3,1
DA:5,1
DA:7,1
DA:50,1
DA:51,1
DA:55,1
DA:61,1
LF:7
LH:7
BRF:0
BRH:0
end_of_record
TN:
SF:modules/membership/membership.router.js
FN:7,(anonymous_0)
FN:12,(anonymous_1)
FN:17,(anonymous_2)
FN:22,(anonymous_3)
FN:27,(anonymous_4)
FNF:5
FNH:0
FNDA:0,(anonymous_0)
FNDA:0,(anonymous_1)
FNDA:0,(anonymous_2)
FNDA:0,(anonymous_3)
FNDA:0,(anonymous_4)
DA:3,1
DA:4,1
DA:5,1
DA:7,1
DA:9,0
DA:12,1
DA:14,0
DA:17,1
DA:19,0
DA:22,1
DA:24,0
DA:27,1
DA:29,0
DA:32,1
LF:14
LH:9
BRF:0
BRH:0
end_of_record
TN:
SF:modules/user/user.controller.js
FN:8,(anonymous_0)
FN:35,(anonymous_1)
FN:248,(anonymous_2)
FN:267,(anonymous_3)
FN:464,(anonymous_4)
FNF:5
FNH:1
FNDA:1,(anonymous_0)
FNDA:0,(anonymous_1)
FNDA:0,(anonymous_2)
FNDA:0,(anonymous_3)
FNDA:0,(anonymous_4)
DA:3,1
DA:4,1
DA:5,1
DA:6,1
DA:8,1
DA:9,1
DA:10,1
DA:25,1
DA:26,1
DA:28,1
DA:30,0
DA:31,0
DA:35,1
DA:36,0
DA:55,0
DA:58,0
DA:70,0
DA:71,0
DA:72,0
DA:75,0
DA:79,0
DA:80,0
DA:81,0
DA:84,0
DA:88,0
DA:89,0
DA:90,0
DA:93,0
DA:97,0
DA:98,0
DA:99,0
DA:102,0
DA:106,0
DA:107,0
DA:108,0
DA:111,0
DA:115,0
DA:116,0
DA:117,0
DA:120,0
DA:124,0
DA:125,0
DA:126,0
DA:129,0
DA:133,0
DA:134,0
DA:135,0
DA:138,0
DA:142,0
DA:143,0
DA:144,0
DA:145,0
DA:147,0
DA:148,0
DA:149,0
DA:153,0
DA:157,0
DA:158,0
DA:159,0
DA:160,0
DA:162,0
DA:165,0
DA:170,0
DA:171,0
DA:172,0
DA:173,0
DA:175,0
DA:178,0
DA:183,0
DA:184,0
DA:185,0
DA:186,0
DA:188,0
DA:191,0
DA:196,0
DA:197,0
DA:198,0
DA:199,0
DA:200,0
DA:202,0
DA:205,0
DA:210,0
DA:211,0
DA:212,0
DA:213,0
DA:215,0
DA:218,0
DA:222,0
DA:225,0
DA:227,0
DA:228,0
DA:229,0
DA:230,0
DA:231,0
DA:233,0
DA:236,0
DA:240,0
DA:241,0
DA:244,0
DA:245,0
DA:246,0
DA:248,0
DA:253,0
DA:255,0
DA:260,0
DA:261,0
DA:262,0
DA:267,1
DA:268,0
DA:269,0
DA:272,0
DA:273,0
DA:274,0
DA:275,0
DA:277,0
DA:280,0
DA:285,0
DA:286,0
DA:287,0
DA:288,0
DA:290,0
DA:293,0
DA:297,0
DA:299,0
DA:300,0
DA:301,0
DA:303,0
DA:306,0
DA:310,0
DA:312,0
DA:313,0
DA:314,0
DA:316,0
DA:319,0
DA:323,0
DA:325,0
DA:326,0
DA:327,0
DA:329,0
DA:332,0
DA:336,0
DA:338,0
DA:339,0
DA:340,0
DA:342,0
DA:345,0
DA:349,0
DA:351,0
DA:352,0
DA:353,0
DA:354,0
DA:356,0
DA:359,0
DA:364,0
DA:365,0
DA:366,0
DA:367,0
DA:369,0
DA:372,0
DA:377,0
DA:378,0
DA:379,0
DA:380,0
DA:382,0
DA:385,0
DA:390,0
DA:391,0
DA:392,0
DA:393,0
DA:395,0
DA:398,0
DA:403,0
DA:404,0
DA:405,0
DA:406,0
DA:407,0
DA:409,0
DA:412,0
DA:415,0
DA:419,0
DA:420,0
DA:421,0
DA:422,0
DA:424,0
DA:427,0
DA:431,0
DA:434,0
DA:435,0
DA:438,0
DA:439,0
DA:440,0
DA:441,0
DA:442,0
DA:445,0
DA:447,0
DA:452,0
DA:453,0
DA:456,0
DA:459,0
DA:460,0
DA:464,1
DA:465,0
DA:466,0
DA:467,0
DA:468,0
DA:469,0
DA:471,0
DA:473,0
DA:474,0
DA:478,1
LF:210
LH:14
BRDA:71,0,0,0
BRDA:71,0,1,0
BRDA:80,1,0,0
BRDA:80,1,1,0
BRDA:89,2,0,0
BRDA:89,2,1,0
BRDA:98,3,0,0
BRDA:98,3,1,0
BRDA:107,4,0,0
BRDA:107,4,1,0
BRDA:116,5,0,0
BRDA:116,5,1,0
BRDA:125,6,0,0
BRDA:125,6,1,0
BRDA:134,7,0,0
BRDA:134,7,1,0
BRDA:144,8,0,0
BRDA:144,8,1,0
BRDA:148,9,0,0
BRDA:148,9,1,0
BRDA:157,10,0,0
BRDA:157,10,1,0
BRDA:159,11,0,0
BRDA:159,11,1,0
BRDA:170,12,0,0
BRDA:170,12,1,0
BRDA:172,13,0,0
BRDA:172,13,1,0
BRDA:183,14,0,0
BRDA:183,14,1,0
BRDA:185,15,0,0
BRDA:185,15,1,0
BRDA:196,16,0,0
BRDA:196,16,1,0
BRDA:199,17,0,0
BRDA:199,17,1,0
BRDA:210,18,0,0
BRDA:210,18,1,0
BRDA:212,19,0,0
BRDA:212,19,1,0
BRDA:222,20,0,0
BRDA:222,20,1,0
BRDA:227,21,0,0
BRDA:227,21,1,0
BRDA:230,22,0,0
BRDA:230,22,1,0
BRDA:240,23,0,0
BRDA:240,23,1,0
BRDA:272,24,0,0
BRDA:272,24,1,0
BRDA:274,25,0,0
BRDA:274,25,1,0
BRDA:285,26,0,0
BRDA:285,26,1,0
BRDA:287,27,0,0
BRDA:287,27,1,0
BRDA:297,28,0,0
BRDA:297,28,1,0
BRDA:300,29,0,0
BRDA:300,29,1,0
BRDA:310,30,0,0
BRDA:310,30,1,0
BRDA:313,31,0,0
BRDA:313,31,1,0
BRDA:323,32,0,0
BRDA:323,32,1,0
BRDA:326,33,0,0
BRDA:326,33,1,0
BRDA:336,34,0,0
BRDA:336,34,1,0
BRDA:339,35,0,0
BRDA:339,35,1,0
BRDA:349,36,0,0
BRDA:349,36,1,0
BRDA:353,37,0,0
BRDA:353,37,1,0
BRDA:364,38,0,0
BRDA:364,38,1,0
BRDA:366,39,0,0
BRDA:366,39,1,0
BRDA:377,40,0,0
BRDA:377,40,1,0
BRDA:379,41,0,0
BRDA:379,41,1,0
BRDA:390,42,0,0
BRDA:390,42,1,0
BRDA:392,43,0,0
BRDA:392,43,1,0
BRDA:403,44,0,0
BRDA:403,44,1,0
BRDA:406,45,0,0
BRDA:406,45,1,0
BRDA:419,46,0,0
BRDA:419,46,1,0
BRDA:421,47,0,0
BRDA:421,47,1,0
BRDA:431,48,0,0
BRDA:431,48,1,0
BRDA:434,49,0,0
BRDA:434,49,1,0
BRDA:439,50,0,0
BRDA:439,50,1,0
BRDA:439,51,0,0
BRDA:439,51,1,0
BRDA:452,52,0,0
BRDA:452,52,1,0
BRDA:452,53,0,0
BRDA:452,53,1,0
BRDA:452,53,2,0
BRDA:468,54,0,0
BRDA:468,54,1,0
BRDA:468,55,0,0
BRDA:468,55,1,0
BRF:113
BRH:0
end_of_record
TN:
SF:modules/user/user.model.js
FN:4,encrypt_password
FN:12,(anonymous_1)
FN:107,(anonymous_2)
FN:116,(anonymous_3)
FN:175,(anonymous_4)
FN:186,(anonymous_5)
FN:194,(anonymous_6)
FN:202,(anonymous_7)
FN:209,(anonymous_8)
FN:216,(anonymous_9)
FN:223,(anonymous_10)
FN:227,(anonymous_11)
FN:232,(anonymous_12)
FN:252,(anonymous_13)
FN:270,(anonymous_14)
FN:279,(anonymous_15)
FNF:16
FNH:3
FNDA:0,encrypt_password
FNDA:2,(anonymous_1)
FNDA:0,(anonymous_2)
FNDA:1,(anonymous_3)
FNDA:0,(anonymous_4)
FNDA:0,(anonymous_5)
FNDA:0,(anonymous_6)
FNDA:0,(anonymous_7)
FNDA:0,(anonymous_8)
FNDA:0,(anonymous_9)
FNDA:0,(anonymous_10)
FNDA:0,(anonymous_11)
FNDA:0,(anonymous_12)
FNDA:0,(anonymous_13)
FNDA:0,(anonymous_14)
FNDA:3,(anonymous_15)
DA:2,1
DA:5,0
DA:6,0
DA:7,0
DA:10,1
DA:12,1
DA:14,2
DA:15,2
DA:17,2
DA:108,0
DA:116,2
DA:118,1
DA:175,2
DA:176,0
DA:177,0
DA:179,0
DA:186,2
DA:187,0
DA:188,0
DA:190,0
DA:194,2
DA:195,0
DA:196,0
DA:198,0
DA:202,2
DA:203,0
DA:204,0
DA:206,0
DA:209,2
DA:210,0
DA:211,0
DA:213,0
DA:216,2
DA:217,0
DA:218,0
DA:220,0
DA:223,2
DA:224,0
DA:227,2
DA:228,0
DA:229,0
DA:232,2
DA:233,0
DA:234,0
DA:235,0
DA:237,0
DA:238,0
DA:240,0
DA:241,0
DA:245,0
DA:247,0
DA:248,0
DA:252,2
DA:253,0
DA:254,0
DA:256,0
DA:257,0
DA:259,0
DA:260,0
DA:264,0
DA:266,0
DA:270,2
DA:271,0
DA:272,0
DA:274,0
DA:275,0
DA:276,0
DA:279,2
DA:280,3
DA:283,2
LF:70
LH:22
BRDA:6,0,0,0
BRDA:6,0,1,0
BRDA:176,1,0,0
BRDA:176,1,1,0
BRDA:187,2,0,0
BRDA:187,2,1,0
BRDA:190,3,0,0
BRDA:190,3,1,0
BRDA:195,4,0,0
BRDA:195,4,1,0
BRDA:198,5,0,0
BRDA:198,5,1,0
BRDA:203,6,0,0
BRDA:203,6,1,0
BRDA:210,7,0,0
BRDA:210,7,1,0
BRDA:217,8,0,0
BRDA:217,8,1,0
BRDA:220,9,0,0
BRDA:220,9,1,0
BRDA:224,10,0,0
BRDA:224,10,1,0
BRDA:224,10,2,0
BRDA:234,11,0,0
BRDA:234,11,1,0
BRDA:237,12,0,0
BRDA:237,12,1,0
BRDA:253,13,0,0
BRDA:253,13,1,0
BRDA:256,14,0,0
BRDA:256,14,1,0
BRDA:271,15,0,0
BRDA:271,15,1,0
BRDA:276,16,0,0
BRDA:276,16,1,0
BRF:35
BRH:0
end_of_record
TN:
SF:modules/user/user.router.js
FN:7,(anonymous_0)
FN:17,(anonymous_1)
FN:22,(anonymous_2)
FN:27,(anonymous_3)
FN:32,(anonymous_4)
FNF:5
FNH:2
FNDA:1,(anonymous_0)
FNDA:1,(anonymous_1)
FNDA:0,(anonymous_2)
FNDA:0,(anonymous_3)
FNDA:0,(anonymous_4)
DA:3,1
DA:4,1
DA:5,1
DA:7,1
DA:9,1
DA:17,1
DA:19,1
DA:22,1
DA:24,0
DA:27,1
DA:29,0
DA:32,1
DA:34,0
DA:37,1
LF:14
LH:11
BRF:0
BRH:0
end_of_record
TN:
SF:modules/userCommunity/userCommunity.model.js
FN:4,(anonymous_0)
FN:42,(anonymous_1)
FNF:2
FNH:2
FNDA:1,(anonymous_0)
FNDA:1,(anonymous_1)
DA:2,1
DA:4,1
DA:5,1
DA:7,1
DA:42,1
DA:43,1
DA:48,1
DA:53,1
DA:59,1
LF:9
LH:9
BRF:0
BRH:0
end_of_record
